[kbplacer_plugin_action.py:79]: Plugin executed with KiCad version: 7.0.0
[kbplacer_plugin_action.py:80]: Plugin executed with python version: '3.9.14 (main, Dec 23 2022, 23:36:19) [MSC v.1934 64 bit (AMD64)]'
[kbplacer_dialog.py:512]: Language: en
[kbplacer_plugin_action.py:96]: GUI state: {"switch_section": {"annotation": "MX{}", "layout_path": "C:\\Users\\viva-\\Downloads\\keyboard-layout.json", "x_distance": "19.05", "y_distance": "19.05"}, "switch_diodes_section": {"enable": true, "route_switches_with_diodes": true, "element_info": {"annotation_format": "D{}", "position_option": "Default", "position": {"relative_position": [5.08, 3.03], "orientation": 90.0, "side": "BACK"}, "template_path": ""}}, "additional_elements": {"elements_info": [{"annotation_format": "ST{}", "position_option": "Custom", "position": {"relative_position": [0.0, 0.0], "orientation": 0.0, "side": "FRONT"}, "template_path": ""}]}, "misc_section": {"route_rows_and_columns": true, "template_path": ""}}
[key_placer.py:66]: Set key 1U distance: 19050000/19050000
[key_placer.py:451]: Diode info: ElementInfo(annotation_format='D{}', position_option=<PositionOption.DEFAULT: 'Default'>, position=ElementPosition(relative_position=Point(x=5.08, y=3.03), orientation=90.0, side=<Side.BACK: True>), template_path='')
[key_placer.py:493]: User layout: [['Esc', 'Q', 'W', 'E', 'R', 'T', 'Y', 'U', 'I', 'O', 'P', 'Back<br>Space'], [{'w': 1.25}, 'Tab', 'A', 'S', 'D', 'F', 'G', 'H', 'J', 'K', 'L', {'w': 1.75}, 'Enter'], [{'w': 1.75}, 'Shift', 'Z', 'X', 'C', 'V', 'B', 'N', 'M', '<\n.', {'w': 1.25}, 'Shift', 'Fn'], [{'w': 1.25}, 'Hyper', 'Super', 'Meta', {'a': 7, 'w': 6.25}, '', {'a': 4, 'w': 1.25}, 'Meta', {'w': 1.25}, 'Super']]
[board_modifier.py:64]: Searching for MX1 footprint in C:\Users\viva-\Documents\GitHub\PLACER TEST\PLACER TEST.kicad_pcb
[board_modifier.py:84]: Setting MX1 footprint position: (34525000, 34525000)
[board_modifier.py:64]: Searching for MX2 footprint in C:\Users\viva-\Documents\GitHub\PLACER TEST\PLACER TEST.kicad_pcb
[board_modifier.py:84]: Setting MX2 footprint position: (53575000, 34525000)
[board_modifier.py:64]: Searching for MX3 footprint in C:\Users\viva-\Documents\GitHub\PLACER TEST\PLACER TEST.kicad_pcb
[board_modifier.py:84]: Setting MX3 footprint position: (72625000, 34525000)
[board_modifier.py:64]: Searching for MX4 footprint in C:\Users\viva-\Documents\GitHub\PLACER TEST\PLACER TEST.kicad_pcb
[board_modifier.py:84]: Setting MX4 footprint position: (91675000, 34525000)
[board_modifier.py:64]: Searching for MX5 footprint in C:\Users\viva-\Documents\GitHub\PLACER TEST\PLACER TEST.kicad_pcb
[board_modifier.py:84]: Setting MX5 footprint position: (110725000, 34525000)
[board_modifier.py:64]: Searching for MX6 footprint in C:\Users\viva-\Documents\GitHub\PLACER TEST\PLACER TEST.kicad_pcb
[board_modifier.py:84]: Setting MX6 footprint position: (129775000, 34525000)
[board_modifier.py:64]: Searching for MX7 footprint in C:\Users\viva-\Documents\GitHub\PLACER TEST\PLACER TEST.kicad_pcb
[board_modifier.py:84]: Setting MX7 footprint position: (148825000, 34525000)
[board_modifier.py:64]: Searching for MX8 footprint in C:\Users\viva-\Documents\GitHub\PLACER TEST\PLACER TEST.kicad_pcb
[board_modifier.py:84]: Setting MX8 footprint position: (167875000, 34525000)
[board_modifier.py:64]: Searching for MX9 footprint in C:\Users\viva-\Documents\GitHub\PLACER TEST\PLACER TEST.kicad_pcb
[board_modifier.py:84]: Setting MX9 footprint position: (186925000, 34525000)
[board_modifier.py:64]: Searching for MX10 footprint in C:\Users\viva-\Documents\GitHub\PLACER TEST\PLACER TEST.kicad_pcb
[board_modifier.py:84]: Setting MX10 footprint position: (205975000, 34525000)
[board_modifier.py:64]: Searching for MX11 footprint in C:\Users\viva-\Documents\GitHub\PLACER TEST\PLACER TEST.kicad_pcb
[board_modifier.py:84]: Setting MX11 footprint position: (225025000, 34525000)
[board_modifier.py:64]: Searching for MX12 footprint in C:\Users\viva-\Documents\GitHub\PLACER TEST\PLACER TEST.kicad_pcb
[board_modifier.py:84]: Setting MX12 footprint position: (244075000, 34525000)
[board_modifier.py:64]: Searching for MX13 footprint in C:\Users\viva-\Documents\GitHub\PLACER TEST\PLACER TEST.kicad_pcb
[board_modifier.py:84]: Setting MX13 footprint position: (36906250, 53575000)
[board_modifier.py:64]: Searching for MX14 footprint in C:\Users\viva-\Documents\GitHub\PLACER TEST\PLACER TEST.kicad_pcb
[board_modifier.py:84]: Setting MX14 footprint position: (58337500, 53575000)
[board_modifier.py:64]: Searching for MX15 footprint in C:\Users\viva-\Documents\GitHub\PLACER TEST\PLACER TEST.kicad_pcb
[board_modifier.py:84]: Setting MX15 footprint position: (77387500, 53575000)
[board_modifier.py:64]: Searching for MX16 footprint in C:\Users\viva-\Documents\GitHub\PLACER TEST\PLACER TEST.kicad_pcb
[board_modifier.py:84]: Setting MX16 footprint position: (96437500, 53575000)
[board_modifier.py:64]: Searching for MX17 footprint in C:\Users\viva-\Documents\GitHub\PLACER TEST\PLACER TEST.kicad_pcb
[board_modifier.py:84]: Setting MX17 footprint position: (115487500, 53575000)
[board_modifier.py:64]: Searching for MX18 footprint in C:\Users\viva-\Documents\GitHub\PLACER TEST\PLACER TEST.kicad_pcb
[board_modifier.py:84]: Setting MX18 footprint position: (134537500, 53575000)
[board_modifier.py:64]: Searching for MX19 footprint in C:\Users\viva-\Documents\GitHub\PLACER TEST\PLACER TEST.kicad_pcb
[board_modifier.py:84]: Setting MX19 footprint position: (153587500, 53575000)
[board_modifier.py:64]: Searching for MX20 footprint in C:\Users\viva-\Documents\GitHub\PLACER TEST\PLACER TEST.kicad_pcb
[board_modifier.py:84]: Setting MX20 footprint position: (172637500, 53575000)
[board_modifier.py:64]: Searching for MX21 footprint in C:\Users\viva-\Documents\GitHub\PLACER TEST\PLACER TEST.kicad_pcb
[board_modifier.py:84]: Setting MX21 footprint position: (191687500, 53575000)
[board_modifier.py:64]: Searching for MX22 footprint in C:\Users\viva-\Documents\GitHub\PLACER TEST\PLACER TEST.kicad_pcb
[board_modifier.py:84]: Setting MX22 footprint position: (210737500, 53575000)
[board_modifier.py:64]: Searching for MX23 footprint in C:\Users\viva-\Documents\GitHub\PLACER TEST\PLACER TEST.kicad_pcb
[board_modifier.py:84]: Setting MX23 footprint position: (236931250, 53575000)
[board_modifier.py:64]: Searching for MX24 footprint in C:\Users\viva-\Documents\GitHub\PLACER TEST\PLACER TEST.kicad_pcb
[board_modifier.py:84]: Setting MX24 footprint position: (41668750, 72625000)
[board_modifier.py:64]: Searching for MX25 footprint in C:\Users\viva-\Documents\GitHub\PLACER TEST\PLACER TEST.kicad_pcb
[board_modifier.py:84]: Setting MX25 footprint position: (67862500, 72625000)
[board_modifier.py:64]: Searching for MX26 footprint in C:\Users\viva-\Documents\GitHub\PLACER TEST\PLACER TEST.kicad_pcb
[board_modifier.py:84]: Setting MX26 footprint position: (86912500, 72625000)
[board_modifier.py:64]: Searching for MX27 footprint in C:\Users\viva-\Documents\GitHub\PLACER TEST\PLACER TEST.kicad_pcb
[board_modifier.py:84]: Setting MX27 footprint position: (105962500, 72625000)
[board_modifier.py:64]: Searching for MX28 footprint in C:\Users\viva-\Documents\GitHub\PLACER TEST\PLACER TEST.kicad_pcb
[board_modifier.py:84]: Setting MX28 footprint position: (125012500, 72625000)
[board_modifier.py:64]: Searching for MX29 footprint in C:\Users\viva-\Documents\GitHub\PLACER TEST\PLACER TEST.kicad_pcb
[board_modifier.py:84]: Setting MX29 footprint position: (144062500, 72625000)
[board_modifier.py:64]: Searching for MX30 footprint in C:\Users\viva-\Documents\GitHub\PLACER TEST\PLACER TEST.kicad_pcb
[board_modifier.py:84]: Setting MX30 footprint position: (163112500, 72625000)
[board_modifier.py:64]: Searching for MX31 footprint in C:\Users\viva-\Documents\GitHub\PLACER TEST\PLACER TEST.kicad_pcb
[board_modifier.py:84]: Setting MX31 footprint position: (182162500, 72625000)
[board_modifier.py:64]: Searching for MX32 footprint in C:\Users\viva-\Documents\GitHub\PLACER TEST\PLACER TEST.kicad_pcb
[board_modifier.py:84]: Setting MX32 footprint position: (201212500, 72625000)
[board_modifier.py:64]: Searching for MX33 footprint in C:\Users\viva-\Documents\GitHub\PLACER TEST\PLACER TEST.kicad_pcb
[board_modifier.py:84]: Setting MX33 footprint position: (222643750, 72625000)
[board_modifier.py:64]: Searching for MX34 footprint in C:\Users\viva-\Documents\GitHub\PLACER TEST\PLACER TEST.kicad_pcb
[board_modifier.py:84]: Setting MX34 footprint position: (244075000, 72625000)
[board_modifier.py:64]: Searching for MX35 footprint in C:\Users\viva-\Documents\GitHub\PLACER TEST\PLACER TEST.kicad_pcb
[board_modifier.py:84]: Setting MX35 footprint position: (36906250, 91675000)
[board_modifier.py:64]: Searching for MX36 footprint in C:\Users\viva-\Documents\GitHub\PLACER TEST\PLACER TEST.kicad_pcb
[board_modifier.py:84]: Setting MX36 footprint position: (58337500, 91675000)
[board_modifier.py:64]: Searching for MX37 footprint in C:\Users\viva-\Documents\GitHub\PLACER TEST\PLACER TEST.kicad_pcb
[board_modifier.py:84]: Setting MX37 footprint position: (77387500, 91675000)
[board_modifier.py:64]: Searching for MX38 footprint in C:\Users\viva-\Documents\GitHub\PLACER TEST\PLACER TEST.kicad_pcb
[board_modifier.py:84]: Setting MX38 footprint position: (146443750, 91675000)
[board_modifier.py:64]: Searching for MX39 footprint in C:\Users\viva-\Documents\GitHub\PLACER TEST\PLACER TEST.kicad_pcb
[board_modifier.py:84]: Setting MX39 footprint position: (217881250, 91675000)
[board_modifier.py:64]: Searching for MX40 footprint in C:\Users\viva-\Documents\GitHub\PLACER TEST\PLACER TEST.kicad_pcb
[board_modifier.py:84]: Setting MX40 footprint position: (241693750, 91675000)
[board_modifier.py:97]: Getting MX1 footprint position: (34525000, 34525000)
[board_modifier.py:64]: Searching for D1 footprint in C:\Users\viva-\Documents\GitHub\PLACER TEST\PLACER TEST.kicad_pcb
[board_modifier.py:84]: Setting D1 footprint position: (39605000, 37555000)
[board_modifier.py:64]: Searching for ST1 footprint in C:\Users\viva-\Documents\GitHub\PLACER TEST\PLACER TEST.kicad_pcb
[board_modifier.py:67]: Footprint not found
[board_modifier.py:97]: Getting MX2 footprint position: (53575000, 34525000)
[board_modifier.py:64]: Searching for D2 footprint in C:\Users\viva-\Documents\GitHub\PLACER TEST\PLACER TEST.kicad_pcb
[board_modifier.py:84]: Setting D2 footprint position: (58655000, 37555000)
[board_modifier.py:64]: Searching for ST2 footprint in C:\Users\viva-\Documents\GitHub\PLACER TEST\PLACER TEST.kicad_pcb
[board_modifier.py:67]: Footprint not found
[board_modifier.py:97]: Getting MX3 footprint position: (72625000, 34525000)
[board_modifier.py:64]: Searching for D3 footprint in C:\Users\viva-\Documents\GitHub\PLACER TEST\PLACER TEST.kicad_pcb
[board_modifier.py:84]: Setting D3 footprint position: (77705000, 37555000)
[board_modifier.py:64]: Searching for ST3 footprint in C:\Users\viva-\Documents\GitHub\PLACER TEST\PLACER TEST.kicad_pcb
[board_modifier.py:67]: Footprint not found
[board_modifier.py:97]: Getting MX4 footprint position: (91675000, 34525000)
[board_modifier.py:64]: Searching for D4 footprint in C:\Users\viva-\Documents\GitHub\PLACER TEST\PLACER TEST.kicad_pcb
[board_modifier.py:84]: Setting D4 footprint position: (96755000, 37555000)
[board_modifier.py:64]: Searching for ST4 footprint in C:\Users\viva-\Documents\GitHub\PLACER TEST\PLACER TEST.kicad_pcb
[board_modifier.py:67]: Footprint not found
[board_modifier.py:97]: Getting MX5 footprint position: (110725000, 34525000)
[board_modifier.py:64]: Searching for D5 footprint in C:\Users\viva-\Documents\GitHub\PLACER TEST\PLACER TEST.kicad_pcb
[board_modifier.py:84]: Setting D5 footprint position: (115805000, 37555000)
[board_modifier.py:64]: Searching for ST5 footprint in C:\Users\viva-\Documents\GitHub\PLACER TEST\PLACER TEST.kicad_pcb
[board_modifier.py:67]: Footprint not found
[board_modifier.py:97]: Getting MX6 footprint position: (129775000, 34525000)
[board_modifier.py:64]: Searching for D6 footprint in C:\Users\viva-\Documents\GitHub\PLACER TEST\PLACER TEST.kicad_pcb
[board_modifier.py:84]: Setting D6 footprint position: (134855000, 37555000)
[board_modifier.py:64]: Searching for ST6 footprint in C:\Users\viva-\Documents\GitHub\PLACER TEST\PLACER TEST.kicad_pcb
[board_modifier.py:67]: Footprint not found
[board_modifier.py:97]: Getting MX7 footprint position: (148825000, 34525000)
[board_modifier.py:64]: Searching for D7 footprint in C:\Users\viva-\Documents\GitHub\PLACER TEST\PLACER TEST.kicad_pcb
[board_modifier.py:84]: Setting D7 footprint position: (153905000, 37555000)
[board_modifier.py:64]: Searching for ST7 footprint in C:\Users\viva-\Documents\GitHub\PLACER TEST\PLACER TEST.kicad_pcb
[board_modifier.py:67]: Footprint not found
[board_modifier.py:97]: Getting MX8 footprint position: (167875000, 34525000)
[board_modifier.py:64]: Searching for D8 footprint in C:\Users\viva-\Documents\GitHub\PLACER TEST\PLACER TEST.kicad_pcb
[board_modifier.py:84]: Setting D8 footprint position: (172955000, 37555000)
[board_modifier.py:64]: Searching for ST8 footprint in C:\Users\viva-\Documents\GitHub\PLACER TEST\PLACER TEST.kicad_pcb
[board_modifier.py:67]: Footprint not found
[board_modifier.py:97]: Getting MX9 footprint position: (186925000, 34525000)
[board_modifier.py:64]: Searching for D9 footprint in C:\Users\viva-\Documents\GitHub\PLACER TEST\PLACER TEST.kicad_pcb
[board_modifier.py:84]: Setting D9 footprint position: (192005000, 37555000)
[board_modifier.py:64]: Searching for ST9 footprint in C:\Users\viva-\Documents\GitHub\PLACER TEST\PLACER TEST.kicad_pcb
[board_modifier.py:67]: Footprint not found
[board_modifier.py:97]: Getting MX10 footprint position: (205975000, 34525000)
[board_modifier.py:64]: Searching for D10 footprint in C:\Users\viva-\Documents\GitHub\PLACER TEST\PLACER TEST.kicad_pcb
[board_modifier.py:84]: Setting D10 footprint position: (211055000, 37555000)
[board_modifier.py:64]: Searching for ST10 footprint in C:\Users\viva-\Documents\GitHub\PLACER TEST\PLACER TEST.kicad_pcb
[board_modifier.py:67]: Footprint not found
[board_modifier.py:97]: Getting MX11 footprint position: (225025000, 34525000)
[board_modifier.py:64]: Searching for D11 footprint in C:\Users\viva-\Documents\GitHub\PLACER TEST\PLACER TEST.kicad_pcb
[board_modifier.py:84]: Setting D11 footprint position: (230105000, 37555000)
[board_modifier.py:64]: Searching for ST11 footprint in C:\Users\viva-\Documents\GitHub\PLACER TEST\PLACER TEST.kicad_pcb
[board_modifier.py:67]: Footprint not found
[board_modifier.py:97]: Getting MX12 footprint position: (244075000, 34525000)
[board_modifier.py:64]: Searching for D12 footprint in C:\Users\viva-\Documents\GitHub\PLACER TEST\PLACER TEST.kicad_pcb
[board_modifier.py:84]: Setting D12 footprint position: (249155000, 37555000)
[board_modifier.py:64]: Searching for ST12 footprint in C:\Users\viva-\Documents\GitHub\PLACER TEST\PLACER TEST.kicad_pcb
[board_modifier.py:67]: Footprint not found
[board_modifier.py:97]: Getting MX13 footprint position: (36906250, 53575000)
[board_modifier.py:64]: Searching for D13 footprint in C:\Users\viva-\Documents\GitHub\PLACER TEST\PLACER TEST.kicad_pcb
[board_modifier.py:84]: Setting D13 footprint position: (41986250, 56605000)
[board_modifier.py:64]: Searching for ST13 footprint in C:\Users\viva-\Documents\GitHub\PLACER TEST\PLACER TEST.kicad_pcb
[board_modifier.py:67]: Footprint not found
[board_modifier.py:97]: Getting MX14 footprint position: (58337500, 53575000)
[board_modifier.py:64]: Searching for D14 footprint in C:\Users\viva-\Documents\GitHub\PLACER TEST\PLACER TEST.kicad_pcb
[board_modifier.py:84]: Setting D14 footprint position: (63417500, 56605000)
[board_modifier.py:64]: Searching for ST14 footprint in C:\Users\viva-\Documents\GitHub\PLACER TEST\PLACER TEST.kicad_pcb
[board_modifier.py:67]: Footprint not found
[board_modifier.py:97]: Getting MX15 footprint position: (77387500, 53575000)
[board_modifier.py:64]: Searching for D15 footprint in C:\Users\viva-\Documents\GitHub\PLACER TEST\PLACER TEST.kicad_pcb
[board_modifier.py:84]: Setting D15 footprint position: (82467500, 56605000)
[board_modifier.py:64]: Searching for ST15 footprint in C:\Users\viva-\Documents\GitHub\PLACER TEST\PLACER TEST.kicad_pcb
[board_modifier.py:67]: Footprint not found
[board_modifier.py:97]: Getting MX16 footprint position: (96437500, 53575000)
[board_modifier.py:64]: Searching for D16 footprint in C:\Users\viva-\Documents\GitHub\PLACER TEST\PLACER TEST.kicad_pcb
[board_modifier.py:84]: Setting D16 footprint position: (101517500, 56605000)
[board_modifier.py:64]: Searching for ST16 footprint in C:\Users\viva-\Documents\GitHub\PLACER TEST\PLACER TEST.kicad_pcb
[board_modifier.py:67]: Footprint not found
[board_modifier.py:97]: Getting MX17 footprint position: (115487500, 53575000)
[board_modifier.py:64]: Searching for D17 footprint in C:\Users\viva-\Documents\GitHub\PLACER TEST\PLACER TEST.kicad_pcb
[board_modifier.py:84]: Setting D17 footprint position: (120567500, 56605000)
[board_modifier.py:64]: Searching for ST17 footprint in C:\Users\viva-\Documents\GitHub\PLACER TEST\PLACER TEST.kicad_pcb
[board_modifier.py:67]: Footprint not found
[board_modifier.py:97]: Getting MX18 footprint position: (134537500, 53575000)
[board_modifier.py:64]: Searching for D18 footprint in C:\Users\viva-\Documents\GitHub\PLACER TEST\PLACER TEST.kicad_pcb
[board_modifier.py:84]: Setting D18 footprint position: (139617500, 56605000)
[board_modifier.py:64]: Searching for ST18 footprint in C:\Users\viva-\Documents\GitHub\PLACER TEST\PLACER TEST.kicad_pcb
[board_modifier.py:67]: Footprint not found
[board_modifier.py:97]: Getting MX19 footprint position: (153587500, 53575000)
[board_modifier.py:64]: Searching for D19 footprint in C:\Users\viva-\Documents\GitHub\PLACER TEST\PLACER TEST.kicad_pcb
[board_modifier.py:84]: Setting D19 footprint position: (158667500, 56605000)
[board_modifier.py:64]: Searching for ST19 footprint in C:\Users\viva-\Documents\GitHub\PLACER TEST\PLACER TEST.kicad_pcb
[board_modifier.py:67]: Footprint not found
[board_modifier.py:97]: Getting MX20 footprint position: (172637500, 53575000)
[board_modifier.py:64]: Searching for D20 footprint in C:\Users\viva-\Documents\GitHub\PLACER TEST\PLACER TEST.kicad_pcb
[board_modifier.py:84]: Setting D20 footprint position: (177717500, 56605000)
[board_modifier.py:64]: Searching for ST20 footprint in C:\Users\viva-\Documents\GitHub\PLACER TEST\PLACER TEST.kicad_pcb
[board_modifier.py:67]: Footprint not found
[board_modifier.py:97]: Getting MX21 footprint position: (191687500, 53575000)
[board_modifier.py:64]: Searching for D21 footprint in C:\Users\viva-\Documents\GitHub\PLACER TEST\PLACER TEST.kicad_pcb
[board_modifier.py:84]: Setting D21 footprint position: (196767500, 56605000)
[board_modifier.py:64]: Searching for ST21 footprint in C:\Users\viva-\Documents\GitHub\PLACER TEST\PLACER TEST.kicad_pcb
[board_modifier.py:67]: Footprint not found
[board_modifier.py:97]: Getting MX22 footprint position: (210737500, 53575000)
[board_modifier.py:64]: Searching for D22 footprint in C:\Users\viva-\Documents\GitHub\PLACER TEST\PLACER TEST.kicad_pcb
[board_modifier.py:84]: Setting D22 footprint position: (215817500, 56605000)
[board_modifier.py:64]: Searching for ST22 footprint in C:\Users\viva-\Documents\GitHub\PLACER TEST\PLACER TEST.kicad_pcb
[board_modifier.py:67]: Footprint not found
[board_modifier.py:97]: Getting MX23 footprint position: (236931250, 53575000)
[board_modifier.py:64]: Searching for D23 footprint in C:\Users\viva-\Documents\GitHub\PLACER TEST\PLACER TEST.kicad_pcb
[board_modifier.py:84]: Setting D23 footprint position: (242011250, 56605000)
[board_modifier.py:64]: Searching for ST23 footprint in C:\Users\viva-\Documents\GitHub\PLACER TEST\PLACER TEST.kicad_pcb
[board_modifier.py:67]: Footprint not found
[board_modifier.py:97]: Getting MX24 footprint position: (41668750, 72625000)
[board_modifier.py:64]: Searching for D24 footprint in C:\Users\viva-\Documents\GitHub\PLACER TEST\PLACER TEST.kicad_pcb
[board_modifier.py:84]: Setting D24 footprint position: (46748750, 75655000)
[board_modifier.py:64]: Searching for ST24 footprint in C:\Users\viva-\Documents\GitHub\PLACER TEST\PLACER TEST.kicad_pcb
[board_modifier.py:67]: Footprint not found
[board_modifier.py:97]: Getting MX25 footprint position: (67862500, 72625000)
[board_modifier.py:64]: Searching for D25 footprint in C:\Users\viva-\Documents\GitHub\PLACER TEST\PLACER TEST.kicad_pcb
[board_modifier.py:84]: Setting D25 footprint position: (72942500, 75655000)
[board_modifier.py:64]: Searching for ST25 footprint in C:\Users\viva-\Documents\GitHub\PLACER TEST\PLACER TEST.kicad_pcb
[board_modifier.py:67]: Footprint not found
[board_modifier.py:97]: Getting MX26 footprint position: (86912500, 72625000)
[board_modifier.py:64]: Searching for D26 footprint in C:\Users\viva-\Documents\GitHub\PLACER TEST\PLACER TEST.kicad_pcb
[board_modifier.py:84]: Setting D26 footprint position: (91992500, 75655000)
[board_modifier.py:64]: Searching for ST26 footprint in C:\Users\viva-\Documents\GitHub\PLACER TEST\PLACER TEST.kicad_pcb
[board_modifier.py:67]: Footprint not found
[board_modifier.py:97]: Getting MX27 footprint position: (105962500, 72625000)
[board_modifier.py:64]: Searching for D27 footprint in C:\Users\viva-\Documents\GitHub\PLACER TEST\PLACER TEST.kicad_pcb
[board_modifier.py:84]: Setting D27 footprint position: (111042500, 75655000)
[board_modifier.py:64]: Searching for ST27 footprint in C:\Users\viva-\Documents\GitHub\PLACER TEST\PLACER TEST.kicad_pcb
[board_modifier.py:67]: Footprint not found
[board_modifier.py:97]: Getting MX28 footprint position: (125012500, 72625000)
[board_modifier.py:64]: Searching for D28 footprint in C:\Users\viva-\Documents\GitHub\PLACER TEST\PLACER TEST.kicad_pcb
[board_modifier.py:84]: Setting D28 footprint position: (130092500, 75655000)
[board_modifier.py:64]: Searching for ST28 footprint in C:\Users\viva-\Documents\GitHub\PLACER TEST\PLACER TEST.kicad_pcb
[board_modifier.py:67]: Footprint not found
[board_modifier.py:97]: Getting MX29 footprint position: (144062500, 72625000)
[board_modifier.py:64]: Searching for D29 footprint in C:\Users\viva-\Documents\GitHub\PLACER TEST\PLACER TEST.kicad_pcb
[board_modifier.py:84]: Setting D29 footprint position: (149142500, 75655000)
[board_modifier.py:64]: Searching for ST29 footprint in C:\Users\viva-\Documents\GitHub\PLACER TEST\PLACER TEST.kicad_pcb
[board_modifier.py:67]: Footprint not found
[board_modifier.py:97]: Getting MX30 footprint position: (163112500, 72625000)
[board_modifier.py:64]: Searching for D30 footprint in C:\Users\viva-\Documents\GitHub\PLACER TEST\PLACER TEST.kicad_pcb
[board_modifier.py:84]: Setting D30 footprint position: (168192500, 75655000)
[board_modifier.py:64]: Searching for ST30 footprint in C:\Users\viva-\Documents\GitHub\PLACER TEST\PLACER TEST.kicad_pcb
[board_modifier.py:67]: Footprint not found
[board_modifier.py:97]: Getting MX31 footprint position: (182162500, 72625000)
[board_modifier.py:64]: Searching for D31 footprint in C:\Users\viva-\Documents\GitHub\PLACER TEST\PLACER TEST.kicad_pcb
[board_modifier.py:84]: Setting D31 footprint position: (187242500, 75655000)
[board_modifier.py:64]: Searching for ST31 footprint in C:\Users\viva-\Documents\GitHub\PLACER TEST\PLACER TEST.kicad_pcb
[board_modifier.py:67]: Footprint not found
[board_modifier.py:97]: Getting MX32 footprint position: (201212500, 72625000)
[board_modifier.py:64]: Searching for D32 footprint in C:\Users\viva-\Documents\GitHub\PLACER TEST\PLACER TEST.kicad_pcb
[board_modifier.py:84]: Setting D32 footprint position: (206292500, 75655000)
[board_modifier.py:64]: Searching for ST32 footprint in C:\Users\viva-\Documents\GitHub\PLACER TEST\PLACER TEST.kicad_pcb
[board_modifier.py:67]: Footprint not found
[board_modifier.py:97]: Getting MX33 footprint position: (222643750, 72625000)
[board_modifier.py:64]: Searching for D33 footprint in C:\Users\viva-\Documents\GitHub\PLACER TEST\PLACER TEST.kicad_pcb
[board_modifier.py:84]: Setting D33 footprint position: (227723750, 75655000)
[board_modifier.py:64]: Searching for ST33 footprint in C:\Users\viva-\Documents\GitHub\PLACER TEST\PLACER TEST.kicad_pcb
[board_modifier.py:67]: Footprint not found
[board_modifier.py:97]: Getting MX34 footprint position: (244075000, 72625000)
[board_modifier.py:64]: Searching for D34 footprint in C:\Users\viva-\Documents\GitHub\PLACER TEST\PLACER TEST.kicad_pcb
[board_modifier.py:84]: Setting D34 footprint position: (249155000, 75655000)
[board_modifier.py:64]: Searching for ST34 footprint in C:\Users\viva-\Documents\GitHub\PLACER TEST\PLACER TEST.kicad_pcb
[board_modifier.py:67]: Footprint not found
[board_modifier.py:97]: Getting MX35 footprint position: (36906250, 91675000)
[board_modifier.py:64]: Searching for D35 footprint in C:\Users\viva-\Documents\GitHub\PLACER TEST\PLACER TEST.kicad_pcb
[board_modifier.py:84]: Setting D35 footprint position: (41986250, 94705000)
[board_modifier.py:64]: Searching for ST35 footprint in C:\Users\viva-\Documents\GitHub\PLACER TEST\PLACER TEST.kicad_pcb
[board_modifier.py:67]: Footprint not found
[board_modifier.py:97]: Getting MX36 footprint position: (58337500, 91675000)
[board_modifier.py:64]: Searching for D36 footprint in C:\Users\viva-\Documents\GitHub\PLACER TEST\PLACER TEST.kicad_pcb
[board_modifier.py:84]: Setting D36 footprint position: (63417500, 94705000)
[board_modifier.py:64]: Searching for ST36 footprint in C:\Users\viva-\Documents\GitHub\PLACER TEST\PLACER TEST.kicad_pcb
[board_modifier.py:67]: Footprint not found
[board_modifier.py:97]: Getting MX37 footprint position: (77387500, 91675000)
[board_modifier.py:64]: Searching for D37 footprint in C:\Users\viva-\Documents\GitHub\PLACER TEST\PLACER TEST.kicad_pcb
[board_modifier.py:84]: Setting D37 footprint position: (82467500, 94705000)
[board_modifier.py:64]: Searching for ST37 footprint in C:\Users\viva-\Documents\GitHub\PLACER TEST\PLACER TEST.kicad_pcb
[board_modifier.py:67]: Footprint not found
[board_modifier.py:97]: Getting MX38 footprint position: (146443750, 91675000)
[board_modifier.py:64]: Searching for D38 footprint in C:\Users\viva-\Documents\GitHub\PLACER TEST\PLACER TEST.kicad_pcb
[board_modifier.py:84]: Setting D38 footprint position: (151523750, 94705000)
[board_modifier.py:64]: Searching for ST38 footprint in C:\Users\viva-\Documents\GitHub\PLACER TEST\PLACER TEST.kicad_pcb
[board_modifier.py:67]: Footprint not found
[board_modifier.py:97]: Getting MX39 footprint position: (217881250, 91675000)
[board_modifier.py:64]: Searching for D39 footprint in C:\Users\viva-\Documents\GitHub\PLACER TEST\PLACER TEST.kicad_pcb
[board_modifier.py:84]: Setting D39 footprint position: (222961250, 94705000)
[board_modifier.py:64]: Searching for ST39 footprint in C:\Users\viva-\Documents\GitHub\PLACER TEST\PLACER TEST.kicad_pcb
[board_modifier.py:67]: Footprint not found
[board_modifier.py:97]: Getting MX40 footprint position: (241693750, 91675000)
[board_modifier.py:64]: Searching for D40 footprint in C:\Users\viva-\Documents\GitHub\PLACER TEST\PLACER TEST.kicad_pcb
[board_modifier.py:84]: Setting D40 footprint position: (246773750, 94705000)
[board_modifier.py:64]: Searching for ST40 footprint in C:\Users\viva-\Documents\GitHub\PLACER TEST\PLACER TEST.kicad_pcb
[board_modifier.py:67]: Footprint not found
[board_modifier.py:64]: Searching for D1 footprint in C:\Users\viva-\Documents\GitHub\PLACER TEST\PLACER TEST.kicad_pcb
[key_placer.py:95]: Routing MX1 with D1
[key_placer.py:131]: Using internal autorouter method
[board_modifier.py:407]: Routing at B.Cu layer
[board_modifier.py:460]: Routing pad (37065000, 29445000) with pad (39605000, 36155000) at 0 degree angle
[board_modifier.py:256]: Track collision ignored, track starts or ends in pad MX1:2
[board_modifier.py:310]: Track collide with another track: fb5b4b61-9dd5-40b8-856f-8945bbe32f08
[board_modifier.py:287]: Track collision ignored, track starts or ends at the end of f8f3d711-01c0-489e-b05d-50d738ce8f1b track
[board_modifier.py:315]: Track collision with fb5b4b61-9dd5-40b8-856f-8945bbe32f08 removed due to connection with track which leads to it
[board_modifier.py:338]: Adding track segment (B.Cu): [(37065000, 29445000), (37065000, 33615000)]
[board_modifier.py:266]: Track collide with pad MX1:
[board_modifier.py:256]: Track collision ignored, track starts or ends in pad D1:2
[board_modifier.py:287]: Track collision ignored, track starts or ends at the end of 35a6779f-5670-4579-894d-7b34be825687 track
[board_modifier.py:310]: Track collide with another track: fb5b4b61-9dd5-40b8-856f-8945bbe32f08
[board_modifier.py:287]: Track collision ignored, track starts or ends at the end of 6052af33-b54c-4c9a-82b6-d59d2d618b8e track
[board_modifier.py:310]: Track collide with another track: f8f3d711-01c0-489e-b05d-50d738ce8f1b
[board_modifier.py:315]: Track collision with fb5b4b61-9dd5-40b8-856f-8945bbe32f08 removed due to connection with track which leads to it
[board_modifier.py:315]: Track collision with f8f3d711-01c0-489e-b05d-50d738ce8f1b removed due to connection with track which leads to it
[board_modifier.py:344]: Could not add track segment due to detected collision
[board_modifier.py:256]: Track collision ignored, track starts or ends in pad MX1:2
[board_modifier.py:287]: Track collision ignored, track starts or ends at the end of 35a6779f-5670-4579-894d-7b34be825687 track
[board_modifier.py:287]: Track collision ignored, track starts or ends at the end of f8f3d711-01c0-489e-b05d-50d738ce8f1b track
[board_modifier.py:338]: Adding track segment (B.Cu): [(37065000, 29445000), (39605000, 31985000)]
[board_modifier.py:266]: Track collide with pad MX1:
[board_modifier.py:256]: Track collision ignored, track starts or ends in pad D1:2
[board_modifier.py:287]: Track collision ignored, track starts or ends at the end of 768e487c-b74e-4be9-95b4-9ec628a59308 track
[board_modifier.py:310]: Track collide with another track: fb5b4b61-9dd5-40b8-856f-8945bbe32f08
[board_modifier.py:287]: Track collision ignored, track starts or ends at the end of 6052af33-b54c-4c9a-82b6-d59d2d618b8e track
[board_modifier.py:315]: Track collision with fb5b4b61-9dd5-40b8-856f-8945bbe32f08 removed due to connection with track which leads to it
[board_modifier.py:344]: Could not add track segment due to detected collision
[board_modifier.py:64]: Searching for D2 footprint in C:\Users\viva-\Documents\GitHub\PLACER TEST\PLACER TEST.kicad_pcb
[key_placer.py:95]: Routing MX2 with D2
[key_placer.py:131]: Using internal autorouter method
[board_modifier.py:407]: Routing at B.Cu layer
[board_modifier.py:460]: Routing pad (56115000, 29445000) with pad (58655000, 36155000) at 0 degree angle
[board_modifier.py:256]: Track collision ignored, track starts or ends in pad MX2:2
[board_modifier.py:338]: Adding track segment (B.Cu): [(56115000, 29445000), (56115000, 33615000)]
[board_modifier.py:266]: Track collide with pad MX2:
[board_modifier.py:256]: Track collision ignored, track starts or ends in pad D2:2
[board_modifier.py:287]: Track collision ignored, track starts or ends at the end of 7d7473bd-69b2-4336-a02f-9f449a646565 track
[board_modifier.py:344]: Could not add track segment due to detected collision
[board_modifier.py:256]: Track collision ignored, track starts or ends in pad MX2:2
[board_modifier.py:287]: Track collision ignored, track starts or ends at the end of 7d7473bd-69b2-4336-a02f-9f449a646565 track
[board_modifier.py:338]: Adding track segment (B.Cu): [(56115000, 29445000), (58655000, 31985000)]
[board_modifier.py:266]: Track collide with pad MX2:
[board_modifier.py:256]: Track collision ignored, track starts or ends in pad D2:2
[board_modifier.py:287]: Track collision ignored, track starts or ends at the end of f7006c6a-bd97-45db-8b28-9510a04fac64 track
[board_modifier.py:344]: Could not add track segment due to detected collision
[board_modifier.py:64]: Searching for D3 footprint in C:\Users\viva-\Documents\GitHub\PLACER TEST\PLACER TEST.kicad_pcb
[key_placer.py:95]: Routing MX3 with D3
[key_placer.py:131]: Using internal autorouter method
[board_modifier.py:407]: Routing at B.Cu layer
[board_modifier.py:460]: Routing pad (75165000, 29445000) with pad (77705000, 36155000) at 0 degree angle
[board_modifier.py:256]: Track collision ignored, track starts or ends in pad MX3:2
[board_modifier.py:338]: Adding track segment (B.Cu): [(75165000, 29445000), (75165000, 33615000)]
[board_modifier.py:266]: Track collide with pad MX3:
[board_modifier.py:256]: Track collision ignored, track starts or ends in pad D3:2
[board_modifier.py:287]: Track collision ignored, track starts or ends at the end of a0204b0d-0015-4cb3-89c4-b58dd9755c21 track
[board_modifier.py:344]: Could not add track segment due to detected collision
[board_modifier.py:256]: Track collision ignored, track starts or ends in pad MX3:2
[board_modifier.py:287]: Track collision ignored, track starts or ends at the end of a0204b0d-0015-4cb3-89c4-b58dd9755c21 track
[board_modifier.py:338]: Adding track segment (B.Cu): [(75165000, 29445000), (77705000, 31985000)]
[board_modifier.py:266]: Track collide with pad MX3:
[board_modifier.py:256]: Track collision ignored, track starts or ends in pad D3:2
[board_modifier.py:287]: Track collision ignored, track starts or ends at the end of 8a708597-8e5b-4c18-ad6d-d5946eedf421 track
[board_modifier.py:344]: Could not add track segment due to detected collision
[board_modifier.py:64]: Searching for D4 footprint in C:\Users\viva-\Documents\GitHub\PLACER TEST\PLACER TEST.kicad_pcb
[key_placer.py:95]: Routing MX4 with D4
[key_placer.py:131]: Using internal autorouter method
[board_modifier.py:407]: Routing at B.Cu layer
[board_modifier.py:460]: Routing pad (94215000, 29445000) with pad (96755000, 36155000) at 0 degree angle
[board_modifier.py:256]: Track collision ignored, track starts or ends in pad MX4:2
[board_modifier.py:338]: Adding track segment (B.Cu): [(94215000, 29445000), (94215000, 33615000)]
[board_modifier.py:266]: Track collide with pad MX4:
[board_modifier.py:256]: Track collision ignored, track starts or ends in pad D4:2
[board_modifier.py:287]: Track collision ignored, track starts or ends at the end of 16bc147c-70af-4099-be2f-8684eb9c5d11 track
[board_modifier.py:344]: Could not add track segment due to detected collision
[board_modifier.py:256]: Track collision ignored, track starts or ends in pad MX4:2
[board_modifier.py:287]: Track collision ignored, track starts or ends at the end of 16bc147c-70af-4099-be2f-8684eb9c5d11 track
[board_modifier.py:338]: Adding track segment (B.Cu): [(94215000, 29445000), (96755000, 31985000)]
[board_modifier.py:266]: Track collide with pad MX4:
[board_modifier.py:256]: Track collision ignored, track starts or ends in pad D4:2
[board_modifier.py:287]: Track collision ignored, track starts or ends at the end of f6950914-17a7-408e-b850-337545265501 track
[board_modifier.py:344]: Could not add track segment due to detected collision
[board_modifier.py:64]: Searching for D5 footprint in C:\Users\viva-\Documents\GitHub\PLACER TEST\PLACER TEST.kicad_pcb
[key_placer.py:95]: Routing MX5 with D5
[key_placer.py:131]: Using internal autorouter method
[board_modifier.py:407]: Routing at B.Cu layer
[board_modifier.py:460]: Routing pad (113265000, 29445000) with pad (115805000, 36155000) at 0 degree angle
[board_modifier.py:256]: Track collision ignored, track starts or ends in pad MX5:2
[board_modifier.py:338]: Adding track segment (B.Cu): [(113265000, 29445000), (113265000, 33615000)]
[board_modifier.py:266]: Track collide with pad MX5:
[board_modifier.py:256]: Track collision ignored, track starts or ends in pad D5:2
[board_modifier.py:287]: Track collision ignored, track starts or ends at the end of 6177444e-e368-4282-bc03-3e8dcbccc8b3 track
[board_modifier.py:344]: Could not add track segment due to detected collision
[board_modifier.py:256]: Track collision ignored, track starts or ends in pad MX5:2
[board_modifier.py:287]: Track collision ignored, track starts or ends at the end of 6177444e-e368-4282-bc03-3e8dcbccc8b3 track
[board_modifier.py:338]: Adding track segment (B.Cu): [(113265000, 29445000), (115805000, 31985000)]
[board_modifier.py:266]: Track collide with pad MX5:
[board_modifier.py:256]: Track collision ignored, track starts or ends in pad D5:2
[board_modifier.py:287]: Track collision ignored, track starts or ends at the end of 8fc3243a-cbf0-446d-800b-3fda2b9dd978 track
[board_modifier.py:344]: Could not add track segment due to detected collision
[board_modifier.py:64]: Searching for D6 footprint in C:\Users\viva-\Documents\GitHub\PLACER TEST\PLACER TEST.kicad_pcb
[key_placer.py:95]: Routing MX6 with D6
[key_placer.py:131]: Using internal autorouter method
[board_modifier.py:407]: Routing at B.Cu layer
[board_modifier.py:460]: Routing pad (132315000, 29445000) with pad (134855000, 36155000) at 0 degree angle
[board_modifier.py:256]: Track collision ignored, track starts or ends in pad MX6:2
[board_modifier.py:338]: Adding track segment (B.Cu): [(132315000, 29445000), (132315000, 33615000)]
[board_modifier.py:266]: Track collide with pad MX6:
[board_modifier.py:256]: Track collision ignored, track starts or ends in pad D6:2
[board_modifier.py:287]: Track collision ignored, track starts or ends at the end of 221eb6e2-c465-425a-a9df-1fa46d9f9155 track
[board_modifier.py:344]: Could not add track segment due to detected collision
[board_modifier.py:256]: Track collision ignored, track starts or ends in pad MX6:2
[board_modifier.py:287]: Track collision ignored, track starts or ends at the end of 221eb6e2-c465-425a-a9df-1fa46d9f9155 track
[board_modifier.py:338]: Adding track segment (B.Cu): [(132315000, 29445000), (134855000, 31985000)]
[board_modifier.py:266]: Track collide with pad MX6:
[board_modifier.py:256]: Track collision ignored, track starts or ends in pad D6:2
[board_modifier.py:287]: Track collision ignored, track starts or ends at the end of 14b4bc8f-831a-4c19-a256-a11eb8acd33b track
[board_modifier.py:344]: Could not add track segment due to detected collision
[board_modifier.py:64]: Searching for D7 footprint in C:\Users\viva-\Documents\GitHub\PLACER TEST\PLACER TEST.kicad_pcb
[key_placer.py:95]: Routing MX7 with D7
[key_placer.py:131]: Using internal autorouter method
[board_modifier.py:407]: Routing at B.Cu layer
[board_modifier.py:460]: Routing pad (151365000, 29445000) with pad (153905000, 36155000) at 0 degree angle
[board_modifier.py:256]: Track collision ignored, track starts or ends in pad MX7:2
[board_modifier.py:338]: Adding track segment (B.Cu): [(151365000, 29445000), (151365000, 33615000)]
[board_modifier.py:266]: Track collide with pad MX7:
[board_modifier.py:256]: Track collision ignored, track starts or ends in pad D7:2
[board_modifier.py:287]: Track collision ignored, track starts or ends at the end of 6883d6f3-3320-42e3-850d-4a634c2a489d track
[board_modifier.py:344]: Could not add track segment due to detected collision
[board_modifier.py:256]: Track collision ignored, track starts or ends in pad MX7:2
[board_modifier.py:287]: Track collision ignored, track starts or ends at the end of 6883d6f3-3320-42e3-850d-4a634c2a489d track
[board_modifier.py:338]: Adding track segment (B.Cu): [(151365000, 29445000), (153905000, 31985000)]
[board_modifier.py:266]: Track collide with pad MX7:
[board_modifier.py:256]: Track collision ignored, track starts or ends in pad D7:2
[board_modifier.py:287]: Track collision ignored, track starts or ends at the end of ee106575-6a10-41a8-82ed-dd0dc7fe360f track
[board_modifier.py:344]: Could not add track segment due to detected collision
[board_modifier.py:64]: Searching for D8 footprint in C:\Users\viva-\Documents\GitHub\PLACER TEST\PLACER TEST.kicad_pcb
[key_placer.py:95]: Routing MX8 with D8
[key_placer.py:131]: Using internal autorouter method
[board_modifier.py:407]: Routing at B.Cu layer
[board_modifier.py:460]: Routing pad (170415000, 29445000) with pad (172955000, 36155000) at 0 degree angle
[board_modifier.py:256]: Track collision ignored, track starts or ends in pad MX8:2
[board_modifier.py:338]: Adding track segment (B.Cu): [(170415000, 29445000), (170415000, 33615000)]
[board_modifier.py:266]: Track collide with pad MX8:
[board_modifier.py:256]: Track collision ignored, track starts or ends in pad D8:2
[board_modifier.py:287]: Track collision ignored, track starts or ends at the end of d4227db0-53d9-4087-9efe-00785098f61f track
[board_modifier.py:344]: Could not add track segment due to detected collision
[board_modifier.py:256]: Track collision ignored, track starts or ends in pad MX8:2
[board_modifier.py:287]: Track collision ignored, track starts or ends at the end of d4227db0-53d9-4087-9efe-00785098f61f track
[board_modifier.py:338]: Adding track segment (B.Cu): [(170415000, 29445000), (172955000, 31985000)]
[board_modifier.py:266]: Track collide with pad MX8:
[board_modifier.py:256]: Track collision ignored, track starts or ends in pad D8:2
[board_modifier.py:287]: Track collision ignored, track starts or ends at the end of 5b755942-024a-4b61-bb8b-baa44b1fe177 track
[board_modifier.py:344]: Could not add track segment due to detected collision
[board_modifier.py:64]: Searching for D9 footprint in C:\Users\viva-\Documents\GitHub\PLACER TEST\PLACER TEST.kicad_pcb
[key_placer.py:95]: Routing MX9 with D9
[key_placer.py:131]: Using internal autorouter method
[board_modifier.py:407]: Routing at B.Cu layer
[board_modifier.py:460]: Routing pad (189465000, 29445000) with pad (192005000, 36155000) at 0 degree angle
[board_modifier.py:256]: Track collision ignored, track starts or ends in pad MX9:2
[board_modifier.py:338]: Adding track segment (B.Cu): [(189465000, 29445000), (189465000, 33615000)]
[board_modifier.py:266]: Track collide with pad MX9:
[board_modifier.py:256]: Track collision ignored, track starts or ends in pad D9:2
[board_modifier.py:287]: Track collision ignored, track starts or ends at the end of e7e87259-3856-4547-a33f-551cfca2e66b track
[board_modifier.py:344]: Could not add track segment due to detected collision
[board_modifier.py:256]: Track collision ignored, track starts or ends in pad MX9:2
[board_modifier.py:287]: Track collision ignored, track starts or ends at the end of e7e87259-3856-4547-a33f-551cfca2e66b track
[board_modifier.py:338]: Adding track segment (B.Cu): [(189465000, 29445000), (192005000, 31985000)]
[board_modifier.py:266]: Track collide with pad MX9:
[board_modifier.py:256]: Track collision ignored, track starts or ends in pad D9:2
[board_modifier.py:287]: Track collision ignored, track starts or ends at the end of 5e6f74ef-61e9-4cf5-921b-28644ac77466 track
[board_modifier.py:344]: Could not add track segment due to detected collision
[board_modifier.py:64]: Searching for D10 footprint in C:\Users\viva-\Documents\GitHub\PLACER TEST\PLACER TEST.kicad_pcb
[key_placer.py:95]: Routing MX10 with D10
[key_placer.py:131]: Using internal autorouter method
[board_modifier.py:407]: Routing at B.Cu layer
[board_modifier.py:460]: Routing pad (208515000, 29445000) with pad (211055000, 36155000) at 0 degree angle
[board_modifier.py:256]: Track collision ignored, track starts or ends in pad MX10:2
[board_modifier.py:338]: Adding track segment (B.Cu): [(208515000, 29445000), (208515000, 33615000)]
[board_modifier.py:266]: Track collide with pad MX10:
[board_modifier.py:256]: Track collision ignored, track starts or ends in pad D10:2
[board_modifier.py:287]: Track collision ignored, track starts or ends at the end of e8fc9044-96f8-4047-b272-4bdbd7d52125 track
[board_modifier.py:344]: Could not add track segment due to detected collision
[board_modifier.py:256]: Track collision ignored, track starts or ends in pad MX10:2
[board_modifier.py:287]: Track collision ignored, track starts or ends at the end of e8fc9044-96f8-4047-b272-4bdbd7d52125 track
[board_modifier.py:338]: Adding track segment (B.Cu): [(208515000, 29445000), (211055000, 31985000)]
[board_modifier.py:266]: Track collide with pad MX10:
[board_modifier.py:256]: Track collision ignored, track starts or ends in pad D10:2
[board_modifier.py:287]: Track collision ignored, track starts or ends at the end of 151245c1-1a19-4b64-9b3a-3d0e57963424 track
[board_modifier.py:344]: Could not add track segment due to detected collision
[board_modifier.py:64]: Searching for D11 footprint in C:\Users\viva-\Documents\GitHub\PLACER TEST\PLACER TEST.kicad_pcb
[key_placer.py:95]: Routing MX11 with D11
[key_placer.py:131]: Using internal autorouter method
[board_modifier.py:407]: Routing at B.Cu layer
[board_modifier.py:460]: Routing pad (227565000, 29445000) with pad (230105000, 36155000) at 0 degree angle
[board_modifier.py:256]: Track collision ignored, track starts or ends in pad MX11:2
[board_modifier.py:338]: Adding track segment (B.Cu): [(227565000, 29445000), (227565000, 33615000)]
[board_modifier.py:266]: Track collide with pad MX11:
[board_modifier.py:256]: Track collision ignored, track starts or ends in pad D11:2
[board_modifier.py:287]: Track collision ignored, track starts or ends at the end of 9ba592d1-da20-40b6-bd29-f7e006c4c58d track
[board_modifier.py:344]: Could not add track segment due to detected collision
[board_modifier.py:256]: Track collision ignored, track starts or ends in pad MX11:2
[board_modifier.py:287]: Track collision ignored, track starts or ends at the end of 9ba592d1-da20-40b6-bd29-f7e006c4c58d track
[board_modifier.py:338]: Adding track segment (B.Cu): [(227565000, 29445000), (230105000, 31985000)]
[board_modifier.py:266]: Track collide with pad MX11:
[board_modifier.py:256]: Track collision ignored, track starts or ends in pad D11:2
[board_modifier.py:287]: Track collision ignored, track starts or ends at the end of f24755e0-f893-47fe-85b7-367f3e3c873d track
[board_modifier.py:344]: Could not add track segment due to detected collision
[board_modifier.py:64]: Searching for D12 footprint in C:\Users\viva-\Documents\GitHub\PLACER TEST\PLACER TEST.kicad_pcb
[key_placer.py:95]: Routing MX12 with D12
[key_placer.py:131]: Using internal autorouter method
[board_modifier.py:407]: Routing at B.Cu layer
[board_modifier.py:460]: Routing pad (246615000, 29445000) with pad (249155000, 36155000) at 0 degree angle
[board_modifier.py:256]: Track collision ignored, track starts or ends in pad MX12:2
[board_modifier.py:338]: Adding track segment (B.Cu): [(246615000, 29445000), (246615000, 33615000)]
[board_modifier.py:266]: Track collide with pad MX12:
[board_modifier.py:256]: Track collision ignored, track starts or ends in pad D12:2
[board_modifier.py:287]: Track collision ignored, track starts or ends at the end of b79fc948-2a48-46ee-8d48-c74b9105dd49 track
[board_modifier.py:344]: Could not add track segment due to detected collision
[board_modifier.py:256]: Track collision ignored, track starts or ends in pad MX12:2
[board_modifier.py:287]: Track collision ignored, track starts or ends at the end of b79fc948-2a48-46ee-8d48-c74b9105dd49 track
[board_modifier.py:338]: Adding track segment (B.Cu): [(246615000, 29445000), (249155000, 31985000)]
[board_modifier.py:266]: Track collide with pad MX12:
[board_modifier.py:256]: Track collision ignored, track starts or ends in pad D12:2
[board_modifier.py:287]: Track collision ignored, track starts or ends at the end of 8b06aaca-4211-4019-b7e2-df1c4a3a5bf5 track
[board_modifier.py:344]: Could not add track segment due to detected collision
[board_modifier.py:64]: Searching for D13 footprint in C:\Users\viva-\Documents\GitHub\PLACER TEST\PLACER TEST.kicad_pcb
[key_placer.py:95]: Routing MX13 with D13
[key_placer.py:131]: Using internal autorouter method
[board_modifier.py:407]: Routing at B.Cu layer
[board_modifier.py:460]: Routing pad (39446250, 48495000) with pad (41986250, 55205000) at 0 degree angle
[board_modifier.py:256]: Track collision ignored, track starts or ends in pad MX13:2
[board_modifier.py:338]: Adding track segment (B.Cu): [(39446250, 48495000), (39446250, 52665000)]
[board_modifier.py:266]: Track collide with pad MX13:
[board_modifier.py:256]: Track collision ignored, track starts or ends in pad D13:2
[board_modifier.py:287]: Track collision ignored, track starts or ends at the end of 029c1ae4-4a1c-4bc3-b771-045f15b23b9b track
[board_modifier.py:344]: Could not add track segment due to detected collision
[board_modifier.py:256]: Track collision ignored, track starts or ends in pad MX13:2
[board_modifier.py:287]: Track collision ignored, track starts or ends at the end of 029c1ae4-4a1c-4bc3-b771-045f15b23b9b track
[board_modifier.py:338]: Adding track segment (B.Cu): [(39446250, 48495000), (41986250, 51035000)]
[board_modifier.py:266]: Track collide with pad MX13:
[board_modifier.py:256]: Track collision ignored, track starts or ends in pad D13:2
[board_modifier.py:287]: Track collision ignored, track starts or ends at the end of 628e4412-9314-4e60-a13e-ebfdd6bf61bc track
[board_modifier.py:344]: Could not add track segment due to detected collision
[board_modifier.py:64]: Searching for D14 footprint in C:\Users\viva-\Documents\GitHub\PLACER TEST\PLACER TEST.kicad_pcb
[key_placer.py:95]: Routing MX14 with D14
[key_placer.py:131]: Using internal autorouter method
[board_modifier.py:407]: Routing at B.Cu layer
[board_modifier.py:460]: Routing pad (60877500, 48495000) with pad (63417500, 55205000) at 0 degree angle
[board_modifier.py:256]: Track collision ignored, track starts or ends in pad MX14:2
[board_modifier.py:338]: Adding track segment (B.Cu): [(60877500, 48495000), (60877500, 52665000)]
[board_modifier.py:266]: Track collide with pad MX14:
[board_modifier.py:256]: Track collision ignored, track starts or ends in pad D14:2
[board_modifier.py:287]: Track collision ignored, track starts or ends at the end of e1741a9a-bd36-4c21-bc90-c283d136e3ce track
[board_modifier.py:344]: Could not add track segment due to detected collision
[board_modifier.py:256]: Track collision ignored, track starts or ends in pad MX14:2
[board_modifier.py:287]: Track collision ignored, track starts or ends at the end of e1741a9a-bd36-4c21-bc90-c283d136e3ce track
[board_modifier.py:338]: Adding track segment (B.Cu): [(60877500, 48495000), (63417500, 51035000)]
[board_modifier.py:266]: Track collide with pad MX14:
[board_modifier.py:256]: Track collision ignored, track starts or ends in pad D14:2
[board_modifier.py:287]: Track collision ignored, track starts or ends at the end of 96dcab72-bb2b-4ae8-ab2a-58b51a983eae track
[board_modifier.py:344]: Could not add track segment due to detected collision
[board_modifier.py:64]: Searching for D15 footprint in C:\Users\viva-\Documents\GitHub\PLACER TEST\PLACER TEST.kicad_pcb
[key_placer.py:95]: Routing MX15 with D15
[key_placer.py:131]: Using internal autorouter method
[board_modifier.py:407]: Routing at B.Cu layer
[board_modifier.py:460]: Routing pad (79927500, 48495000) with pad (82467500, 55205000) at 0 degree angle
[board_modifier.py:256]: Track collision ignored, track starts or ends in pad MX15:2
[board_modifier.py:338]: Adding track segment (B.Cu): [(79927500, 48495000), (79927500, 52665000)]
[board_modifier.py:266]: Track collide with pad MX15:
[board_modifier.py:256]: Track collision ignored, track starts or ends in pad D15:2
[board_modifier.py:287]: Track collision ignored, track starts or ends at the end of a7426a9f-c751-4c95-83a4-01ce5614ef86 track
[board_modifier.py:344]: Could not add track segment due to detected collision
[board_modifier.py:256]: Track collision ignored, track starts or ends in pad MX15:2
[board_modifier.py:287]: Track collision ignored, track starts or ends at the end of a7426a9f-c751-4c95-83a4-01ce5614ef86 track
[board_modifier.py:338]: Adding track segment (B.Cu): [(79927500, 48495000), (82467500, 51035000)]
[board_modifier.py:266]: Track collide with pad MX15:
[board_modifier.py:256]: Track collision ignored, track starts or ends in pad D15:2
[board_modifier.py:287]: Track collision ignored, track starts or ends at the end of 147f2251-81e6-4e21-9603-4c3f62e74921 track
[board_modifier.py:344]: Could not add track segment due to detected collision
[board_modifier.py:64]: Searching for D16 footprint in C:\Users\viva-\Documents\GitHub\PLACER TEST\PLACER TEST.kicad_pcb
[key_placer.py:95]: Routing MX16 with D16
[key_placer.py:131]: Using internal autorouter method
[board_modifier.py:407]: Routing at B.Cu layer
[board_modifier.py:460]: Routing pad (98977500, 48495000) with pad (101517500, 55205000) at 0 degree angle
[board_modifier.py:256]: Track collision ignored, track starts or ends in pad MX16:2
[board_modifier.py:338]: Adding track segment (B.Cu): [(98977500, 48495000), (98977500, 52665000)]
[board_modifier.py:266]: Track collide with pad MX16:
[board_modifier.py:256]: Track collision ignored, track starts or ends in pad D16:2
[board_modifier.py:287]: Track collision ignored, track starts or ends at the end of 42fcc398-2e1e-4c73-9fa1-d45f54e74269 track
[board_modifier.py:344]: Could not add track segment due to detected collision
[board_modifier.py:256]: Track collision ignored, track starts or ends in pad MX16:2
[board_modifier.py:287]: Track collision ignored, track starts or ends at the end of 42fcc398-2e1e-4c73-9fa1-d45f54e74269 track
[board_modifier.py:338]: Adding track segment (B.Cu): [(98977500, 48495000), (101517500, 51035000)]
[board_modifier.py:266]: Track collide with pad MX16:
[board_modifier.py:256]: Track collision ignored, track starts or ends in pad D16:2
[board_modifier.py:287]: Track collision ignored, track starts or ends at the end of 84b85fe6-a226-4e5c-a2d7-57d6a0776acf track
[board_modifier.py:344]: Could not add track segment due to detected collision
[board_modifier.py:64]: Searching for D17 footprint in C:\Users\viva-\Documents\GitHub\PLACER TEST\PLACER TEST.kicad_pcb
[key_placer.py:95]: Routing MX17 with D17
[key_placer.py:131]: Using internal autorouter method
[board_modifier.py:407]: Routing at B.Cu layer
[board_modifier.py:460]: Routing pad (118027500, 48495000) with pad (120567500, 55205000) at 0 degree angle
[board_modifier.py:256]: Track collision ignored, track starts or ends in pad MX17:2
[board_modifier.py:338]: Adding track segment (B.Cu): [(118027500, 48495000), (118027500, 52665000)]
[board_modifier.py:266]: Track collide with pad MX17:
[board_modifier.py:256]: Track collision ignored, track starts or ends in pad D17:2
[board_modifier.py:287]: Track collision ignored, track starts or ends at the end of cbba1f3d-bf7a-46d1-97fc-8780b38d8457 track
[board_modifier.py:344]: Could not add track segment due to detected collision
[board_modifier.py:256]: Track collision ignored, track starts or ends in pad MX17:2
[board_modifier.py:287]: Track collision ignored, track starts or ends at the end of cbba1f3d-bf7a-46d1-97fc-8780b38d8457 track
[board_modifier.py:338]: Adding track segment (B.Cu): [(118027500, 48495000), (120567500, 51035000)]
[board_modifier.py:266]: Track collide with pad MX17:
[board_modifier.py:256]: Track collision ignored, track starts or ends in pad D17:2
[board_modifier.py:287]: Track collision ignored, track starts or ends at the end of 03c0133c-643e-4053-952d-5afac74258ea track
[board_modifier.py:344]: Could not add track segment due to detected collision
[board_modifier.py:64]: Searching for D18 footprint in C:\Users\viva-\Documents\GitHub\PLACER TEST\PLACER TEST.kicad_pcb
[key_placer.py:95]: Routing MX18 with D18
[key_placer.py:131]: Using internal autorouter method
[board_modifier.py:407]: Routing at B.Cu layer
[board_modifier.py:460]: Routing pad (137077500, 48495000) with pad (139617500, 55205000) at 0 degree angle
[board_modifier.py:256]: Track collision ignored, track starts or ends in pad MX18:2
[board_modifier.py:338]: Adding track segment (B.Cu): [(137077500, 48495000), (137077500, 52665000)]
[board_modifier.py:266]: Track collide with pad MX18:
[board_modifier.py:256]: Track collision ignored, track starts or ends in pad D18:2
[board_modifier.py:287]: Track collision ignored, track starts or ends at the end of b62724a7-5cc9-4579-a864-8ad3f03991b4 track
[board_modifier.py:344]: Could not add track segment due to detected collision
[board_modifier.py:256]: Track collision ignored, track starts or ends in pad MX18:2
[board_modifier.py:287]: Track collision ignored, track starts or ends at the end of b62724a7-5cc9-4579-a864-8ad3f03991b4 track
[board_modifier.py:338]: Adding track segment (B.Cu): [(137077500, 48495000), (139617500, 51035000)]
[board_modifier.py:266]: Track collide with pad MX18:
[board_modifier.py:256]: Track collision ignored, track starts or ends in pad D18:2
[board_modifier.py:287]: Track collision ignored, track starts or ends at the end of a18af6b2-7eb9-47ce-b090-4a4e3221e14c track
[board_modifier.py:344]: Could not add track segment due to detected collision
[board_modifier.py:64]: Searching for D19 footprint in C:\Users\viva-\Documents\GitHub\PLACER TEST\PLACER TEST.kicad_pcb
[key_placer.py:95]: Routing MX19 with D19
[key_placer.py:131]: Using internal autorouter method
[board_modifier.py:407]: Routing at B.Cu layer
[board_modifier.py:460]: Routing pad (156127500, 48495000) with pad (158667500, 55205000) at 0 degree angle
[board_modifier.py:256]: Track collision ignored, track starts or ends in pad MX19:2
[board_modifier.py:338]: Adding track segment (B.Cu): [(156127500, 48495000), (156127500, 52665000)]
[board_modifier.py:266]: Track collide with pad MX19:
[board_modifier.py:256]: Track collision ignored, track starts or ends in pad D19:2
[board_modifier.py:287]: Track collision ignored, track starts or ends at the end of 66ea6122-8451-4257-bb5d-93977bcbbe77 track
[board_modifier.py:344]: Could not add track segment due to detected collision
[board_modifier.py:256]: Track collision ignored, track starts or ends in pad MX19:2
[board_modifier.py:287]: Track collision ignored, track starts or ends at the end of 66ea6122-8451-4257-bb5d-93977bcbbe77 track
[board_modifier.py:338]: Adding track segment (B.Cu): [(156127500, 48495000), (158667500, 51035000)]
[board_modifier.py:266]: Track collide with pad MX19:
[board_modifier.py:256]: Track collision ignored, track starts or ends in pad D19:2
[board_modifier.py:287]: Track collision ignored, track starts or ends at the end of e1bd8059-d3e7-4dc6-8aeb-b5a815070470 track
[board_modifier.py:344]: Could not add track segment due to detected collision
[board_modifier.py:64]: Searching for D20 footprint in C:\Users\viva-\Documents\GitHub\PLACER TEST\PLACER TEST.kicad_pcb
[key_placer.py:95]: Routing MX20 with D20
[key_placer.py:131]: Using internal autorouter method
[board_modifier.py:407]: Routing at B.Cu layer
[board_modifier.py:460]: Routing pad (175177500, 48495000) with pad (177717500, 55205000) at 0 degree angle
[board_modifier.py:256]: Track collision ignored, track starts or ends in pad MX20:2
[board_modifier.py:338]: Adding track segment (B.Cu): [(175177500, 48495000), (175177500, 52665000)]
[board_modifier.py:266]: Track collide with pad MX20:
[board_modifier.py:256]: Track collision ignored, track starts or ends in pad D20:2
[board_modifier.py:287]: Track collision ignored, track starts or ends at the end of ce0ba1e4-d843-4c36-9a5d-386e08050934 track
[board_modifier.py:344]: Could not add track segment due to detected collision
[board_modifier.py:256]: Track collision ignored, track starts or ends in pad MX20:2
[board_modifier.py:287]: Track collision ignored, track starts or ends at the end of ce0ba1e4-d843-4c36-9a5d-386e08050934 track
[board_modifier.py:338]: Adding track segment (B.Cu): [(175177500, 48495000), (177717500, 51035000)]
[board_modifier.py:266]: Track collide with pad MX20:
[board_modifier.py:256]: Track collision ignored, track starts or ends in pad D20:2
[board_modifier.py:287]: Track collision ignored, track starts or ends at the end of 0dc4dc67-fbd6-4c65-8ae7-0a09acafc579 track
[board_modifier.py:344]: Could not add track segment due to detected collision
[board_modifier.py:64]: Searching for D21 footprint in C:\Users\viva-\Documents\GitHub\PLACER TEST\PLACER TEST.kicad_pcb
[key_placer.py:95]: Routing MX21 with D21
[key_placer.py:131]: Using internal autorouter method
[board_modifier.py:407]: Routing at B.Cu layer
[board_modifier.py:460]: Routing pad (194227500, 48495000) with pad (196767500, 55205000) at 0 degree angle
[board_modifier.py:256]: Track collision ignored, track starts or ends in pad MX21:2
[board_modifier.py:338]: Adding track segment (B.Cu): [(194227500, 48495000), (194227500, 52665000)]
[board_modifier.py:266]: Track collide with pad MX21:
[board_modifier.py:256]: Track collision ignored, track starts or ends in pad D21:2
[board_modifier.py:287]: Track collision ignored, track starts or ends at the end of 6c89e751-1360-4b27-8e12-45b1cfe900fb track
[board_modifier.py:344]: Could not add track segment due to detected collision
[board_modifier.py:256]: Track collision ignored, track starts or ends in pad MX21:2
[board_modifier.py:287]: Track collision ignored, track starts or ends at the end of 6c89e751-1360-4b27-8e12-45b1cfe900fb track
[board_modifier.py:338]: Adding track segment (B.Cu): [(194227500, 48495000), (196767500, 51035000)]
[board_modifier.py:266]: Track collide with pad MX21:
[board_modifier.py:256]: Track collision ignored, track starts or ends in pad D21:2
[board_modifier.py:287]: Track collision ignored, track starts or ends at the end of 1226eef8-60f6-4e6e-bc6e-34a72bd3d79b track
[board_modifier.py:344]: Could not add track segment due to detected collision
[board_modifier.py:64]: Searching for D22 footprint in C:\Users\viva-\Documents\GitHub\PLACER TEST\PLACER TEST.kicad_pcb
[key_placer.py:95]: Routing MX22 with D22
[key_placer.py:131]: Using internal autorouter method
[board_modifier.py:407]: Routing at B.Cu layer
[board_modifier.py:460]: Routing pad (213277500, 48495000) with pad (215817500, 55205000) at 0 degree angle
[board_modifier.py:256]: Track collision ignored, track starts or ends in pad MX22:2
[board_modifier.py:338]: Adding track segment (B.Cu): [(213277500, 48495000), (213277500, 52665000)]
[board_modifier.py:266]: Track collide with pad MX22:
[board_modifier.py:256]: Track collision ignored, track starts or ends in pad D22:2
[board_modifier.py:287]: Track collision ignored, track starts or ends at the end of ba99cca7-ee2a-49c5-b469-3805dcb4be0e track
[board_modifier.py:344]: Could not add track segment due to detected collision
[board_modifier.py:256]: Track collision ignored, track starts or ends in pad MX22:2
[board_modifier.py:287]: Track collision ignored, track starts or ends at the end of ba99cca7-ee2a-49c5-b469-3805dcb4be0e track
[board_modifier.py:338]: Adding track segment (B.Cu): [(213277500, 48495000), (215817500, 51035000)]
[board_modifier.py:266]: Track collide with pad MX22:
[board_modifier.py:256]: Track collision ignored, track starts or ends in pad D22:2
[board_modifier.py:287]: Track collision ignored, track starts or ends at the end of c27b9177-5a6d-474f-aba2-feb136175d3f track
[board_modifier.py:344]: Could not add track segment due to detected collision
[board_modifier.py:64]: Searching for D23 footprint in C:\Users\viva-\Documents\GitHub\PLACER TEST\PLACER TEST.kicad_pcb
[key_placer.py:95]: Routing MX23 with D23
[key_placer.py:131]: Using internal autorouter method
[board_modifier.py:407]: Routing at B.Cu layer
[board_modifier.py:460]: Routing pad (239471250, 48495000) with pad (242011250, 55205000) at 0 degree angle
[board_modifier.py:256]: Track collision ignored, track starts or ends in pad MX23:2
[board_modifier.py:338]: Adding track segment (B.Cu): [(239471250, 48495000), (239471250, 52665000)]
[board_modifier.py:266]: Track collide with pad MX23:
[board_modifier.py:256]: Track collision ignored, track starts or ends in pad D23:2
[board_modifier.py:287]: Track collision ignored, track starts or ends at the end of 28729744-deb4-4659-85aa-1011fba72eb7 track
[board_modifier.py:344]: Could not add track segment due to detected collision
[board_modifier.py:256]: Track collision ignored, track starts or ends in pad MX23:2
[board_modifier.py:287]: Track collision ignored, track starts or ends at the end of 28729744-deb4-4659-85aa-1011fba72eb7 track
[board_modifier.py:338]: Adding track segment (B.Cu): [(239471250, 48495000), (242011250, 51035000)]
[board_modifier.py:266]: Track collide with pad MX23:
[board_modifier.py:256]: Track collision ignored, track starts or ends in pad D23:2
[board_modifier.py:287]: Track collision ignored, track starts or ends at the end of 08aaabe7-fff1-4522-bba5-795872878c59 track
[board_modifier.py:344]: Could not add track segment due to detected collision
[board_modifier.py:64]: Searching for D24 footprint in C:\Users\viva-\Documents\GitHub\PLACER TEST\PLACER TEST.kicad_pcb
[key_placer.py:95]: Routing MX24 with D24
[key_placer.py:131]: Using internal autorouter method
[board_modifier.py:407]: Routing at B.Cu layer
[board_modifier.py:460]: Routing pad (44208750, 67545000) with pad (46748750, 74255000) at 0 degree angle
[board_modifier.py:256]: Track collision ignored, track starts or ends in pad MX24:2
[board_modifier.py:338]: Adding track segment (B.Cu): [(44208750, 67545000), (44208750, 71715000)]
[board_modifier.py:266]: Track collide with pad MX24:
[board_modifier.py:256]: Track collision ignored, track starts or ends in pad D24:2
[board_modifier.py:287]: Track collision ignored, track starts or ends at the end of d1ec6a9c-34a8-425f-84f8-44d38e4389e3 track
[board_modifier.py:344]: Could not add track segment due to detected collision
[board_modifier.py:256]: Track collision ignored, track starts or ends in pad MX24:2
[board_modifier.py:287]: Track collision ignored, track starts or ends at the end of d1ec6a9c-34a8-425f-84f8-44d38e4389e3 track
[board_modifier.py:338]: Adding track segment (B.Cu): [(44208750, 67545000), (46748750, 70085000)]
[board_modifier.py:266]: Track collide with pad MX24:
[board_modifier.py:256]: Track collision ignored, track starts or ends in pad D24:2
[board_modifier.py:287]: Track collision ignored, track starts or ends at the end of 14d32468-461e-4ace-8a57-1c088525fb06 track
[board_modifier.py:344]: Could not add track segment due to detected collision
[board_modifier.py:64]: Searching for D25 footprint in C:\Users\viva-\Documents\GitHub\PLACER TEST\PLACER TEST.kicad_pcb
[key_placer.py:95]: Routing MX25 with D25
[key_placer.py:131]: Using internal autorouter method
[board_modifier.py:407]: Routing at B.Cu layer
[board_modifier.py:460]: Routing pad (70402500, 67545000) with pad (72942500, 74255000) at 0 degree angle
[board_modifier.py:256]: Track collision ignored, track starts or ends in pad MX25:2
[board_modifier.py:338]: Adding track segment (B.Cu): [(70402500, 67545000), (70402500, 71715000)]
[board_modifier.py:266]: Track collide with pad MX25:
[board_modifier.py:256]: Track collision ignored, track starts or ends in pad D25:2
[board_modifier.py:287]: Track collision ignored, track starts or ends at the end of 155f6108-94b6-4277-b713-d2890bc15f1a track
[board_modifier.py:344]: Could not add track segment due to detected collision
[board_modifier.py:256]: Track collision ignored, track starts or ends in pad MX25:2
[board_modifier.py:287]: Track collision ignored, track starts or ends at the end of 155f6108-94b6-4277-b713-d2890bc15f1a track
[board_modifier.py:338]: Adding track segment (B.Cu): [(70402500, 67545000), (72942500, 70085000)]
[board_modifier.py:266]: Track collide with pad MX25:
[board_modifier.py:256]: Track collision ignored, track starts or ends in pad D25:2
[board_modifier.py:287]: Track collision ignored, track starts or ends at the end of 1461681e-8a09-44d1-af2a-05b60f03623f track
[board_modifier.py:344]: Could not add track segment due to detected collision
[board_modifier.py:64]: Searching for D26 footprint in C:\Users\viva-\Documents\GitHub\PLACER TEST\PLACER TEST.kicad_pcb
[key_placer.py:95]: Routing MX26 with D26
[key_placer.py:131]: Using internal autorouter method
[board_modifier.py:407]: Routing at B.Cu layer
[board_modifier.py:460]: Routing pad (89452500, 67545000) with pad (91992500, 74255000) at 0 degree angle
[board_modifier.py:256]: Track collision ignored, track starts or ends in pad MX26:2
[board_modifier.py:338]: Adding track segment (B.Cu): [(89452500, 67545000), (89452500, 71715000)]
[board_modifier.py:266]: Track collide with pad MX26:
[board_modifier.py:256]: Track collision ignored, track starts or ends in pad D26:2
[board_modifier.py:287]: Track collision ignored, track starts or ends at the end of 774490c0-14e3-42f5-90f1-5cf1b40319bc track
[board_modifier.py:344]: Could not add track segment due to detected collision
[board_modifier.py:256]: Track collision ignored, track starts or ends in pad MX26:2
[board_modifier.py:287]: Track collision ignored, track starts or ends at the end of 774490c0-14e3-42f5-90f1-5cf1b40319bc track
[board_modifier.py:338]: Adding track segment (B.Cu): [(89452500, 67545000), (91992500, 70085000)]
[board_modifier.py:266]: Track collide with pad MX26:
[board_modifier.py:256]: Track collision ignored, track starts or ends in pad D26:2
[board_modifier.py:287]: Track collision ignored, track starts or ends at the end of 6a8611b9-986c-4d6f-afee-66b1dbd82098 track
[board_modifier.py:344]: Could not add track segment due to detected collision
[board_modifier.py:64]: Searching for D27 footprint in C:\Users\viva-\Documents\GitHub\PLACER TEST\PLACER TEST.kicad_pcb
[key_placer.py:95]: Routing MX27 with D27
[key_placer.py:131]: Using internal autorouter method
[board_modifier.py:407]: Routing at B.Cu layer
[board_modifier.py:460]: Routing pad (108502500, 67545000) with pad (111042500, 74255000) at 0 degree angle
[board_modifier.py:256]: Track collision ignored, track starts or ends in pad MX27:2
[board_modifier.py:338]: Adding track segment (B.Cu): [(108502500, 67545000), (108502500, 71715000)]
[board_modifier.py:266]: Track collide with pad MX27:
[board_modifier.py:256]: Track collision ignored, track starts or ends in pad D27:2
[board_modifier.py:287]: Track collision ignored, track starts or ends at the end of 049e4f65-82f1-452f-a1ee-6c96319494a4 track
[board_modifier.py:344]: Could not add track segment due to detected collision
[board_modifier.py:256]: Track collision ignored, track starts or ends in pad MX27:2
[board_modifier.py:287]: Track collision ignored, track starts or ends at the end of 049e4f65-82f1-452f-a1ee-6c96319494a4 track
[board_modifier.py:338]: Adding track segment (B.Cu): [(108502500, 67545000), (111042500, 70085000)]
[board_modifier.py:266]: Track collide with pad MX27:
[board_modifier.py:256]: Track collision ignored, track starts or ends in pad D27:2
[board_modifier.py:287]: Track collision ignored, track starts or ends at the end of cb34cd37-8d32-4581-8d21-0d72b788581c track
[board_modifier.py:344]: Could not add track segment due to detected collision
[board_modifier.py:64]: Searching for D28 footprint in C:\Users\viva-\Documents\GitHub\PLACER TEST\PLACER TEST.kicad_pcb
[key_placer.py:95]: Routing MX28 with D28
[key_placer.py:131]: Using internal autorouter method
[board_modifier.py:407]: Routing at B.Cu layer
[board_modifier.py:460]: Routing pad (127552500, 67545000) with pad (130092500, 74255000) at 0 degree angle
[board_modifier.py:256]: Track collision ignored, track starts or ends in pad MX28:2
[board_modifier.py:338]: Adding track segment (B.Cu): [(127552500, 67545000), (127552500, 71715000)]
[board_modifier.py:266]: Track collide with pad MX28:
[board_modifier.py:256]: Track collision ignored, track starts or ends in pad D28:2
[board_modifier.py:287]: Track collision ignored, track starts or ends at the end of 5ed8593b-b2cd-4607-9e25-14cfa22704c3 track
[board_modifier.py:344]: Could not add track segment due to detected collision
[board_modifier.py:256]: Track collision ignored, track starts or ends in pad MX28:2
[board_modifier.py:287]: Track collision ignored, track starts or ends at the end of 5ed8593b-b2cd-4607-9e25-14cfa22704c3 track
[board_modifier.py:338]: Adding track segment (B.Cu): [(127552500, 67545000), (130092500, 70085000)]
[board_modifier.py:266]: Track collide with pad MX28:
[board_modifier.py:256]: Track collision ignored, track starts or ends in pad D28:2
[board_modifier.py:287]: Track collision ignored, track starts or ends at the end of 64af3026-d5c7-4a01-bbf8-d19b451a2990 track
[board_modifier.py:344]: Could not add track segment due to detected collision
[board_modifier.py:64]: Searching for D29 footprint in C:\Users\viva-\Documents\GitHub\PLACER TEST\PLACER TEST.kicad_pcb
[key_placer.py:95]: Routing MX29 with D29
[key_placer.py:131]: Using internal autorouter method
[board_modifier.py:407]: Routing at B.Cu layer
[board_modifier.py:460]: Routing pad (146602500, 67545000) with pad (149142500, 74255000) at 0 degree angle
[board_modifier.py:256]: Track collision ignored, track starts or ends in pad MX29:2
[board_modifier.py:338]: Adding track segment (B.Cu): [(146602500, 67545000), (146602500, 71715000)]
[board_modifier.py:266]: Track collide with pad MX29:
[board_modifier.py:256]: Track collision ignored, track starts or ends in pad D29:2
[board_modifier.py:287]: Track collision ignored, track starts or ends at the end of 73f4320e-7551-4daa-be29-0e7a78ad9ee7 track
[board_modifier.py:344]: Could not add track segment due to detected collision
[board_modifier.py:256]: Track collision ignored, track starts or ends in pad MX29:2
[board_modifier.py:287]: Track collision ignored, track starts or ends at the end of 73f4320e-7551-4daa-be29-0e7a78ad9ee7 track
[board_modifier.py:338]: Adding track segment (B.Cu): [(146602500, 67545000), (149142500, 70085000)]
[board_modifier.py:266]: Track collide with pad MX29:
[board_modifier.py:256]: Track collision ignored, track starts or ends in pad D29:2
[board_modifier.py:287]: Track collision ignored, track starts or ends at the end of bfbcaa9f-4519-4725-b545-b773a0a14129 track
[board_modifier.py:344]: Could not add track segment due to detected collision
[board_modifier.py:64]: Searching for D30 footprint in C:\Users\viva-\Documents\GitHub\PLACER TEST\PLACER TEST.kicad_pcb
[key_placer.py:95]: Routing MX30 with D30
[key_placer.py:131]: Using internal autorouter method
[board_modifier.py:407]: Routing at B.Cu layer
[board_modifier.py:460]: Routing pad (165652500, 67545000) with pad (168192500, 74255000) at 0 degree angle
[board_modifier.py:256]: Track collision ignored, track starts or ends in pad MX30:2
[board_modifier.py:338]: Adding track segment (B.Cu): [(165652500, 67545000), (165652500, 71715000)]
[board_modifier.py:266]: Track collide with pad MX30:
[board_modifier.py:256]: Track collision ignored, track starts or ends in pad D30:2
[board_modifier.py:287]: Track collision ignored, track starts or ends at the end of bea90f41-6986-4f00-b991-370d7ec65e83 track
[board_modifier.py:344]: Could not add track segment due to detected collision
[board_modifier.py:256]: Track collision ignored, track starts or ends in pad MX30:2
[board_modifier.py:287]: Track collision ignored, track starts or ends at the end of bea90f41-6986-4f00-b991-370d7ec65e83 track
[board_modifier.py:338]: Adding track segment (B.Cu): [(165652500, 67545000), (168192500, 70085000)]
[board_modifier.py:266]: Track collide with pad MX30:
[board_modifier.py:256]: Track collision ignored, track starts or ends in pad D30:2
[board_modifier.py:287]: Track collision ignored, track starts or ends at the end of ab85dce1-80db-4371-9c2e-f903775727b6 track
[board_modifier.py:344]: Could not add track segment due to detected collision
[board_modifier.py:64]: Searching for D31 footprint in C:\Users\viva-\Documents\GitHub\PLACER TEST\PLACER TEST.kicad_pcb
[key_placer.py:95]: Routing MX31 with D31
[key_placer.py:131]: Using internal autorouter method
[board_modifier.py:407]: Routing at B.Cu layer
[board_modifier.py:460]: Routing pad (184702500, 67545000) with pad (187242500, 74255000) at 0 degree angle
[board_modifier.py:256]: Track collision ignored, track starts or ends in pad MX31:2
[board_modifier.py:338]: Adding track segment (B.Cu): [(184702500, 67545000), (184702500, 71715000)]
[board_modifier.py:266]: Track collide with pad MX31:
[board_modifier.py:256]: Track collision ignored, track starts or ends in pad D31:2
[board_modifier.py:287]: Track collision ignored, track starts or ends at the end of fa2579c9-c3a4-4cc9-b641-166c202e42bd track
[board_modifier.py:344]: Could not add track segment due to detected collision
[board_modifier.py:256]: Track collision ignored, track starts or ends in pad MX31:2
[board_modifier.py:287]: Track collision ignored, track starts or ends at the end of fa2579c9-c3a4-4cc9-b641-166c202e42bd track
[board_modifier.py:338]: Adding track segment (B.Cu): [(184702500, 67545000), (187242500, 70085000)]
[board_modifier.py:266]: Track collide with pad MX31:
[board_modifier.py:256]: Track collision ignored, track starts or ends in pad D31:2
[board_modifier.py:287]: Track collision ignored, track starts or ends at the end of 0ecc3d70-0281-46ca-8ebb-faa812c6b0f6 track
[board_modifier.py:344]: Could not add track segment due to detected collision
[board_modifier.py:64]: Searching for D32 footprint in C:\Users\viva-\Documents\GitHub\PLACER TEST\PLACER TEST.kicad_pcb
[key_placer.py:95]: Routing MX32 with D32
[key_placer.py:131]: Using internal autorouter method
[board_modifier.py:407]: Routing at B.Cu layer
[board_modifier.py:460]: Routing pad (203752500, 67545000) with pad (206292500, 74255000) at 0 degree angle
[board_modifier.py:256]: Track collision ignored, track starts or ends in pad MX32:2
[board_modifier.py:338]: Adding track segment (B.Cu): [(203752500, 67545000), (203752500, 71715000)]
[board_modifier.py:266]: Track collide with pad MX32:
[board_modifier.py:256]: Track collision ignored, track starts or ends in pad D32:2
[board_modifier.py:287]: Track collision ignored, track starts or ends at the end of 87ec307b-f49b-4cc8-bc16-2487914c278a track
[board_modifier.py:344]: Could not add track segment due to detected collision
[board_modifier.py:256]: Track collision ignored, track starts or ends in pad MX32:2
[board_modifier.py:287]: Track collision ignored, track starts or ends at the end of 87ec307b-f49b-4cc8-bc16-2487914c278a track
[board_modifier.py:338]: Adding track segment (B.Cu): [(203752500, 67545000), (206292500, 70085000)]
[board_modifier.py:266]: Track collide with pad MX32:
[board_modifier.py:256]: Track collision ignored, track starts or ends in pad D32:2
[board_modifier.py:287]: Track collision ignored, track starts or ends at the end of 23234fd3-1508-480b-a2e5-58d7f69e0ee1 track
[board_modifier.py:344]: Could not add track segment due to detected collision
[board_modifier.py:64]: Searching for D33 footprint in C:\Users\viva-\Documents\GitHub\PLACER TEST\PLACER TEST.kicad_pcb
[key_placer.py:95]: Routing MX33 with D33
[key_placer.py:131]: Using internal autorouter method
[board_modifier.py:407]: Routing at B.Cu layer
[board_modifier.py:460]: Routing pad (225183750, 67545000) with pad (227723750, 74255000) at 0 degree angle
[board_modifier.py:256]: Track collision ignored, track starts or ends in pad MX33:2
[board_modifier.py:338]: Adding track segment (B.Cu): [(225183750, 67545000), (225183750, 71715000)]
[board_modifier.py:266]: Track collide with pad MX33:
[board_modifier.py:256]: Track collision ignored, track starts or ends in pad D33:2
[board_modifier.py:287]: Track collision ignored, track starts or ends at the end of 10745eb3-2656-4a5e-87cc-e325ccee9649 track
[board_modifier.py:344]: Could not add track segment due to detected collision
[board_modifier.py:256]: Track collision ignored, track starts or ends in pad MX33:2
[board_modifier.py:287]: Track collision ignored, track starts or ends at the end of 10745eb3-2656-4a5e-87cc-e325ccee9649 track
[board_modifier.py:338]: Adding track segment (B.Cu): [(225183750, 67545000), (227723750, 70085000)]
[board_modifier.py:266]: Track collide with pad MX33:
[board_modifier.py:256]: Track collision ignored, track starts or ends in pad D33:2
[board_modifier.py:287]: Track collision ignored, track starts or ends at the end of 509b41fb-585b-4835-998c-5959695b8d2e track
[board_modifier.py:344]: Could not add track segment due to detected collision
[board_modifier.py:64]: Searching for D34 footprint in C:\Users\viva-\Documents\GitHub\PLACER TEST\PLACER TEST.kicad_pcb
[key_placer.py:95]: Routing MX34 with D34
[key_placer.py:131]: Using internal autorouter method
[board_modifier.py:407]: Routing at B.Cu layer
[board_modifier.py:460]: Routing pad (246615000, 67545000) with pad (249155000, 74255000) at 0 degree angle
[board_modifier.py:256]: Track collision ignored, track starts or ends in pad MX34:2
[board_modifier.py:338]: Adding track segment (B.Cu): [(246615000, 67545000), (246615000, 71715000)]
[board_modifier.py:266]: Track collide with pad MX34:
[board_modifier.py:256]: Track collision ignored, track starts or ends in pad D34:2
[board_modifier.py:287]: Track collision ignored, track starts or ends at the end of 5e59bcfb-1629-4704-b5d1-f2090b1bea6c track
[board_modifier.py:344]: Could not add track segment due to detected collision
[board_modifier.py:256]: Track collision ignored, track starts or ends in pad MX34:2
[board_modifier.py:287]: Track collision ignored, track starts or ends at the end of 5e59bcfb-1629-4704-b5d1-f2090b1bea6c track
[board_modifier.py:338]: Adding track segment (B.Cu): [(246615000, 67545000), (249155000, 70085000)]
[board_modifier.py:266]: Track collide with pad MX34:
[board_modifier.py:256]: Track collision ignored, track starts or ends in pad D34:2
[board_modifier.py:287]: Track collision ignored, track starts or ends at the end of 768493f8-5706-4728-9c0d-47a0be268a11 track
[board_modifier.py:344]: Could not add track segment due to detected collision
[board_modifier.py:64]: Searching for D35 footprint in C:\Users\viva-\Documents\GitHub\PLACER TEST\PLACER TEST.kicad_pcb
[key_placer.py:95]: Routing MX35 with D35
[key_placer.py:131]: Using internal autorouter method
[board_modifier.py:407]: Routing at B.Cu layer
[board_modifier.py:460]: Routing pad (39446250, 86595000) with pad (41986250, 93305000) at 0 degree angle
[board_modifier.py:256]: Track collision ignored, track starts or ends in pad MX35:2
[board_modifier.py:338]: Adding track segment (B.Cu): [(39446250, 86595000), (39446250, 90765000)]
[board_modifier.py:266]: Track collide with pad MX35:
[board_modifier.py:256]: Track collision ignored, track starts or ends in pad D35:2
[board_modifier.py:287]: Track collision ignored, track starts or ends at the end of 8fbe08e9-3dde-4294-81ee-52f71629f9cd track
[board_modifier.py:344]: Could not add track segment due to detected collision
[board_modifier.py:256]: Track collision ignored, track starts or ends in pad MX35:2
[board_modifier.py:287]: Track collision ignored, track starts or ends at the end of 8fbe08e9-3dde-4294-81ee-52f71629f9cd track
[board_modifier.py:338]: Adding track segment (B.Cu): [(39446250, 86595000), (41986250, 89135000)]
[board_modifier.py:266]: Track collide with pad MX35:
[board_modifier.py:256]: Track collision ignored, track starts or ends in pad D35:2
[board_modifier.py:287]: Track collision ignored, track starts or ends at the end of 0494c352-bf46-4f84-9ad1-21ecdf344bab track
[board_modifier.py:344]: Could not add track segment due to detected collision
[board_modifier.py:64]: Searching for D36 footprint in C:\Users\viva-\Documents\GitHub\PLACER TEST\PLACER TEST.kicad_pcb
[key_placer.py:95]: Routing MX36 with D36
[key_placer.py:131]: Using internal autorouter method
[board_modifier.py:407]: Routing at B.Cu layer
[board_modifier.py:460]: Routing pad (60877500, 86595000) with pad (63417500, 93305000) at 0 degree angle
[board_modifier.py:256]: Track collision ignored, track starts or ends in pad MX36:2
[board_modifier.py:338]: Adding track segment (B.Cu): [(60877500, 86595000), (60877500, 90765000)]
[board_modifier.py:266]: Track collide with pad MX36:
[board_modifier.py:256]: Track collision ignored, track starts or ends in pad D36:2
[board_modifier.py:287]: Track collision ignored, track starts or ends at the end of d3357125-b4bd-4ffc-a03d-ed9b82223016 track
[board_modifier.py:344]: Could not add track segment due to detected collision
[board_modifier.py:256]: Track collision ignored, track starts or ends in pad MX36:2
[board_modifier.py:287]: Track collision ignored, track starts or ends at the end of d3357125-b4bd-4ffc-a03d-ed9b82223016 track
[board_modifier.py:338]: Adding track segment (B.Cu): [(60877500, 86595000), (63417500, 89135000)]
[board_modifier.py:266]: Track collide with pad MX36:
[board_modifier.py:256]: Track collision ignored, track starts or ends in pad D36:2
[board_modifier.py:287]: Track collision ignored, track starts or ends at the end of 8bbca65d-08a9-4bc6-9c7d-79ed25f31997 track
[board_modifier.py:344]: Could not add track segment due to detected collision
[board_modifier.py:64]: Searching for D37 footprint in C:\Users\viva-\Documents\GitHub\PLACER TEST\PLACER TEST.kicad_pcb
[key_placer.py:95]: Routing MX37 with D37
[key_placer.py:131]: Using internal autorouter method
[board_modifier.py:407]: Routing at B.Cu layer
[board_modifier.py:460]: Routing pad (79927500, 86595000) with pad (82467500, 93305000) at 0 degree angle
[board_modifier.py:256]: Track collision ignored, track starts or ends in pad MX37:2
[board_modifier.py:338]: Adding track segment (B.Cu): [(79927500, 86595000), (79927500, 90765000)]
[board_modifier.py:266]: Track collide with pad MX37:
[board_modifier.py:256]: Track collision ignored, track starts or ends in pad D37:2
[board_modifier.py:287]: Track collision ignored, track starts or ends at the end of bcde0a16-97e7-4895-8666-f3394450c119 track
[board_modifier.py:344]: Could not add track segment due to detected collision
[board_modifier.py:256]: Track collision ignored, track starts or ends in pad MX37:2
[board_modifier.py:287]: Track collision ignored, track starts or ends at the end of bcde0a16-97e7-4895-8666-f3394450c119 track
[board_modifier.py:338]: Adding track segment (B.Cu): [(79927500, 86595000), (82467500, 89135000)]
[board_modifier.py:266]: Track collide with pad MX37:
[board_modifier.py:256]: Track collision ignored, track starts or ends in pad D37:2
[board_modifier.py:287]: Track collision ignored, track starts or ends at the end of 9b4a3af4-5f22-412e-9747-51dc6f6a3298 track
[board_modifier.py:344]: Could not add track segment due to detected collision
[board_modifier.py:64]: Searching for D38 footprint in C:\Users\viva-\Documents\GitHub\PLACER TEST\PLACER TEST.kicad_pcb
[key_placer.py:95]: Routing MX38 with D38
[key_placer.py:131]: Using internal autorouter method
[board_modifier.py:407]: Routing at B.Cu layer
[board_modifier.py:460]: Routing pad (148983750, 86595000) with pad (151523750, 93305000) at 0 degree angle
[board_modifier.py:256]: Track collision ignored, track starts or ends in pad MX38:2
[board_modifier.py:338]: Adding track segment (B.Cu): [(148983750, 86595000), (148983750, 90765000)]
[board_modifier.py:266]: Track collide with pad MX38:
[board_modifier.py:256]: Track collision ignored, track starts or ends in pad D38:2
[board_modifier.py:287]: Track collision ignored, track starts or ends at the end of 4318eadb-3683-4561-8986-83701351f34c track
[board_modifier.py:344]: Could not add track segment due to detected collision
[board_modifier.py:256]: Track collision ignored, track starts or ends in pad MX38:2
[board_modifier.py:287]: Track collision ignored, track starts or ends at the end of 4318eadb-3683-4561-8986-83701351f34c track
[board_modifier.py:338]: Adding track segment (B.Cu): [(148983750, 86595000), (151523750, 89135000)]
[board_modifier.py:266]: Track collide with pad MX38:
[board_modifier.py:256]: Track collision ignored, track starts or ends in pad D38:2
[board_modifier.py:287]: Track collision ignored, track starts or ends at the end of 3194344b-ffa6-4802-9ac3-b8ca29beb824 track
[board_modifier.py:344]: Could not add track segment due to detected collision
[board_modifier.py:64]: Searching for D39 footprint in C:\Users\viva-\Documents\GitHub\PLACER TEST\PLACER TEST.kicad_pcb
[key_placer.py:95]: Routing MX39 with D39
[key_placer.py:131]: Using internal autorouter method
[board_modifier.py:407]: Routing at B.Cu layer
[board_modifier.py:460]: Routing pad (220421250, 86595000) with pad (222961250, 93305000) at 0 degree angle
[board_modifier.py:256]: Track collision ignored, track starts or ends in pad MX39:2
[board_modifier.py:338]: Adding track segment (B.Cu): [(220421250, 86595000), (220421250, 90765000)]
[board_modifier.py:266]: Track collide with pad MX39:
[board_modifier.py:256]: Track collision ignored, track starts or ends in pad D39:2
[board_modifier.py:287]: Track collision ignored, track starts or ends at the end of 0eaee4f1-c29e-4394-8d6c-17b1f8b8969d track
[board_modifier.py:344]: Could not add track segment due to detected collision
[board_modifier.py:256]: Track collision ignored, track starts or ends in pad MX39:2
[board_modifier.py:287]: Track collision ignored, track starts or ends at the end of 0eaee4f1-c29e-4394-8d6c-17b1f8b8969d track
[board_modifier.py:338]: Adding track segment (B.Cu): [(220421250, 86595000), (222961250, 89135000)]
[board_modifier.py:266]: Track collide with pad MX39:
[board_modifier.py:256]: Track collision ignored, track starts or ends in pad D39:2
[board_modifier.py:287]: Track collision ignored, track starts or ends at the end of 866fed07-85b3-434d-9f61-da241466e3b4 track
[board_modifier.py:344]: Could not add track segment due to detected collision
[board_modifier.py:64]: Searching for D40 footprint in C:\Users\viva-\Documents\GitHub\PLACER TEST\PLACER TEST.kicad_pcb
[key_placer.py:95]: Routing MX40 with D40
[key_placer.py:131]: Using internal autorouter method
[board_modifier.py:407]: Routing at B.Cu layer
[board_modifier.py:460]: Routing pad (244233750, 86595000) with pad (246773750, 93305000) at 0 degree angle
[board_modifier.py:256]: Track collision ignored, track starts or ends in pad MX40:2
[board_modifier.py:338]: Adding track segment (B.Cu): [(244233750, 86595000), (244233750, 90765000)]
[board_modifier.py:266]: Track collide with pad MX40:
[board_modifier.py:256]: Track collision ignored, track starts or ends in pad D40:2
[board_modifier.py:287]: Track collision ignored, track starts or ends at the end of a95c1abe-8630-49ca-86fe-f2e1282573e5 track
[board_modifier.py:344]: Could not add track segment due to detected collision
[board_modifier.py:256]: Track collision ignored, track starts or ends in pad MX40:2
[board_modifier.py:287]: Track collision ignored, track starts or ends at the end of a95c1abe-8630-49ca-86fe-f2e1282573e5 track
[board_modifier.py:338]: Adding track segment (B.Cu): [(244233750, 86595000), (246773750, 89135000)]
[board_modifier.py:266]: Track collide with pad MX40:
[board_modifier.py:256]: Track collision ignored, track starts or ends in pad D40:2
[board_modifier.py:287]: Track collision ignored, track starts or ends at the end of 6e9c84f6-bda2-497e-b58b-9364e0f1068e track
[board_modifier.py:344]: Could not add track segment due to detected collision
[key_placer.py:162]: Removing dangling tracks
[key_placer.py:174]: Removing 6e9c84f6-bda2-497e-b58b-9364e0f1068e
[key_placer.py:174]: Removing a95c1abe-8630-49ca-86fe-f2e1282573e5
[key_placer.py:174]: Removing 866fed07-85b3-434d-9f61-da241466e3b4
[key_placer.py:174]: Removing 0eaee4f1-c29e-4394-8d6c-17b1f8b8969d
[key_placer.py:174]: Removing 3194344b-ffa6-4802-9ac3-b8ca29beb824
[key_placer.py:174]: Removing 4318eadb-3683-4561-8986-83701351f34c
[key_placer.py:174]: Removing 9b4a3af4-5f22-412e-9747-51dc6f6a3298
[key_placer.py:174]: Removing bcde0a16-97e7-4895-8666-f3394450c119
[key_placer.py:174]: Removing 8bbca65d-08a9-4bc6-9c7d-79ed25f31997
[key_placer.py:174]: Removing d3357125-b4bd-4ffc-a03d-ed9b82223016
[key_placer.py:174]: Removing 0494c352-bf46-4f84-9ad1-21ecdf344bab
[key_placer.py:174]: Removing 8fbe08e9-3dde-4294-81ee-52f71629f9cd
[key_placer.py:174]: Removing 768493f8-5706-4728-9c0d-47a0be268a11
[key_placer.py:174]: Removing 5e59bcfb-1629-4704-b5d1-f2090b1bea6c
[key_placer.py:174]: Removing 509b41fb-585b-4835-998c-5959695b8d2e
[key_placer.py:174]: Removing 10745eb3-2656-4a5e-87cc-e325ccee9649
[key_placer.py:174]: Removing 23234fd3-1508-480b-a2e5-58d7f69e0ee1
[key_placer.py:174]: Removing 87ec307b-f49b-4cc8-bc16-2487914c278a
[key_placer.py:174]: Removing 0ecc3d70-0281-46ca-8ebb-faa812c6b0f6
[key_placer.py:174]: Removing fa2579c9-c3a4-4cc9-b641-166c202e42bd
[key_placer.py:174]: Removing ab85dce1-80db-4371-9c2e-f903775727b6
[key_placer.py:174]: Removing bea90f41-6986-4f00-b991-370d7ec65e83
[key_placer.py:174]: Removing bfbcaa9f-4519-4725-b545-b773a0a14129
[key_placer.py:174]: Removing 73f4320e-7551-4daa-be29-0e7a78ad9ee7
[key_placer.py:174]: Removing 64af3026-d5c7-4a01-bbf8-d19b451a2990
[key_placer.py:174]: Removing 5ed8593b-b2cd-4607-9e25-14cfa22704c3
[key_placer.py:174]: Removing cb34cd37-8d32-4581-8d21-0d72b788581c
[key_placer.py:174]: Removing 049e4f65-82f1-452f-a1ee-6c96319494a4
[key_placer.py:174]: Removing 6a8611b9-986c-4d6f-afee-66b1dbd82098
[key_placer.py:174]: Removing 774490c0-14e3-42f5-90f1-5cf1b40319bc
[key_placer.py:174]: Removing 1461681e-8a09-44d1-af2a-05b60f03623f
[key_placer.py:174]: Removing 155f6108-94b6-4277-b713-d2890bc15f1a
[key_placer.py:174]: Removing 14d32468-461e-4ace-8a57-1c088525fb06
[key_placer.py:174]: Removing d1ec6a9c-34a8-425f-84f8-44d38e4389e3
[key_placer.py:174]: Removing 08aaabe7-fff1-4522-bba5-795872878c59
[key_placer.py:174]: Removing 28729744-deb4-4659-85aa-1011fba72eb7
[key_placer.py:174]: Removing c27b9177-5a6d-474f-aba2-feb136175d3f
[key_placer.py:174]: Removing ba99cca7-ee2a-49c5-b469-3805dcb4be0e
[key_placer.py:174]: Removing 1226eef8-60f6-4e6e-bc6e-34a72bd3d79b
[key_placer.py:174]: Removing 6c89e751-1360-4b27-8e12-45b1cfe900fb
[key_placer.py:174]: Removing 0dc4dc67-fbd6-4c65-8ae7-0a09acafc579
[key_placer.py:174]: Removing ce0ba1e4-d843-4c36-9a5d-386e08050934
[key_placer.py:174]: Removing e1bd8059-d3e7-4dc6-8aeb-b5a815070470
[key_placer.py:174]: Removing 66ea6122-8451-4257-bb5d-93977bcbbe77
[key_placer.py:174]: Removing a18af6b2-7eb9-47ce-b090-4a4e3221e14c
[key_placer.py:174]: Removing b62724a7-5cc9-4579-a864-8ad3f03991b4
[key_placer.py:174]: Removing 03c0133c-643e-4053-952d-5afac74258ea
[key_placer.py:174]: Removing cbba1f3d-bf7a-46d1-97fc-8780b38d8457
[key_placer.py:174]: Removing 84b85fe6-a226-4e5c-a2d7-57d6a0776acf
[key_placer.py:174]: Removing 42fcc398-2e1e-4c73-9fa1-d45f54e74269
[key_placer.py:174]: Removing 147f2251-81e6-4e21-9603-4c3f62e74921
[key_placer.py:174]: Removing a7426a9f-c751-4c95-83a4-01ce5614ef86
[key_placer.py:174]: Removing 96dcab72-bb2b-4ae8-ab2a-58b51a983eae
[key_placer.py:174]: Removing e1741a9a-bd36-4c21-bc90-c283d136e3ce
[key_placer.py:174]: Removing 628e4412-9314-4e60-a13e-ebfdd6bf61bc
[key_placer.py:174]: Removing 029c1ae4-4a1c-4bc3-b771-045f15b23b9b
[key_placer.py:174]: Removing 8b06aaca-4211-4019-b7e2-df1c4a3a5bf5
[key_placer.py:174]: Removing b79fc948-2a48-46ee-8d48-c74b9105dd49
[key_placer.py:174]: Removing f24755e0-f893-47fe-85b7-367f3e3c873d
[key_placer.py:174]: Removing 9ba592d1-da20-40b6-bd29-f7e006c4c58d
[key_placer.py:174]: Removing 151245c1-1a19-4b64-9b3a-3d0e57963424
[key_placer.py:174]: Removing e8fc9044-96f8-4047-b272-4bdbd7d52125
[key_placer.py:174]: Removing 5e6f74ef-61e9-4cf5-921b-28644ac77466
[key_placer.py:174]: Removing e7e87259-3856-4547-a33f-551cfca2e66b
[key_placer.py:174]: Removing 5b755942-024a-4b61-bb8b-baa44b1fe177
[key_placer.py:174]: Removing d4227db0-53d9-4087-9efe-00785098f61f
[key_placer.py:174]: Removing ee106575-6a10-41a8-82ed-dd0dc7fe360f
[key_placer.py:174]: Removing 6883d6f3-3320-42e3-850d-4a634c2a489d
[key_placer.py:174]: Removing 14b4bc8f-831a-4c19-a256-a11eb8acd33b
[key_placer.py:174]: Removing 221eb6e2-c465-425a-a9df-1fa46d9f9155
[key_placer.py:174]: Removing 8fc3243a-cbf0-446d-800b-3fda2b9dd978
[key_placer.py:174]: Removing 6177444e-e368-4282-bc03-3e8dcbccc8b3
[key_placer.py:174]: Removing f6950914-17a7-408e-b850-337545265501
[key_placer.py:174]: Removing 16bc147c-70af-4099-be2f-8684eb9c5d11
[key_placer.py:174]: Removing 8a708597-8e5b-4c18-ad6d-d5946eedf421
[key_placer.py:174]: Removing a0204b0d-0015-4cb3-89c4-b58dd9755c21
[key_placer.py:174]: Removing f7006c6a-bd97-45db-8b28-9510a04fac64
[key_placer.py:174]: Removing 7d7473bd-69b2-4336-a02f-9f449a646565
[key_placer.py:174]: Removing 768e487c-b74e-4be9-95b4-9ec628a59308
[key_placer.py:162]: Removing dangling tracks
